creating cache ./config.cache
checking for gcc... gcc
checking whether the C compiler (gcc  ) works... yes
checking whether the C compiler (gcc  ) is a cross-compiler... no
checking whether we are using GNU C... yes
checking whether gcc accepts -g... yes
checking host system type... bfin-unknown-elf
checking target system type... bfin-unknown-elf
checking build system type... bfin-unknown-elf
checking for a BSD compatible install... /usr/bin/install -c
checking how to run the C preprocessor... gcc -E
checking for ANSI C header files... yes
checking for sgtty.h... yes
checking for termio.h... yes
checking for termios.h... yes
checking for sys/reg.h... yes
checking for string.h... yes
checking for proc_service.h... no
checking for sys/procfs.h... yes
checking for thread_db.h... yes
checking for linux/elf.h... yes
checking for stdlib.h... yes
checking for unistd.h... yes
checking whether strerror must be declared... no
checking for lwpid_t in sys/procfs.h... no
checking for psaddr_t in sys/procfs.h... no
checking for prgregset_t in sys/procfs.h... no
checking for prfpregset_t in sys/procfs.h... no
checking for elf_fpregset_t in sys/procfs.h... no
updating cache ./config.cache
creating ./config.status
creating Makefile
creating config.h
