This file contains any messages produced by compilers while
running configure, to aid debugging if configure makes a mistake.

configure:578: checking whether to enable maintainer-specific portions of Makefiles
configure:604: checking for gcc
configure:717: checking whether the C compiler (gcc  ) works
configure:733: gcc -o conftest    conftest.c  1>&5
configure:759: checking whether the C compiler (gcc  ) is a cross-compiler
configure:764: checking whether we are using GNU C
configure:792: checking whether gcc accepts -g
configure:829: checking how to run the C preprocessor
configure:909: checking for AIX
configure:933: checking for POSIXized ISC
configure:957: checking for gcc option to accept ANSI C
configure:1082: checking host system type
configure:1103: checking target system type
configure:1121: checking build system type
configure:1159: checking for ranlib
configure:1237: checking whether make sets ${MAKE}
configure:1266: checking for ranlib
configure:1294: checking for ANSI C header files
configure:1398: checking for working const
configure:1473: checking for inline
configure:1513: checking for off_t
configure:1546: checking for size_t
configure:1581: checking for working alloca.h
configure:1614: checking for alloca
configure:1816: checking for unistd.h
configure:1855: checking for getpagesize
configure:1908: checking for working mmap
configure:2084: checking for argz.h
configure:2084: checking for limits.h
configure:2084: checking for locale.h
configure:2084: checking for nl_types.h
configure:2084: checking for malloc.h
configure:2084: checking for string.h
configure:2084: checking for unistd.h
configure:2084: checking for values.h
configure:2084: checking for sys/param.h
configure:2124: checking for getcwd
configure:2124: checking for munmap
configure:2124: checking for putenv
configure:2124: checking for setenv
configure:2124: checking for setlocale
configure:2124: checking for strchr
configure:2124: checking for strcasecmp
configure:2124: checking for __argz_count
configure:2124: checking for __argz_stringify
configure:2124: checking for __argz_next
configure:2243: checking for LC_MESSAGES
configure:2276: checking whether NLS is requested
configure:2296: checking whether included gettext is requested
configure:2315: checking for libintl.h
configure:2342: checking for gettext in libc
configure:2445: checking for msgfmt
configure:2479: checking for dcgettext
configure:2534: checking for gmsgfmt
configure:2570: checking for xgettext
configure:2610: gcc -o conftest -g -O2   conftest.c  1>&5
configure:2908: checking for catalogs to be installed
configure:3128: checking for libunwind.h
configure:3168: checking for libunwind-ia64.h
configure:3319: checking for monstartup
configure:3319: checking for _mcleanup
configure:3372: checking for _etext
configure:3456: checking for mawk
configure:3497: checking for a BSD compatible install
configure:3550: checking whether ln -s works
configure:3573: checking for ranlib
configure:3605: checking for bison
configure:3639: checking for ar
configure:3671: checking for dlltool
configure:3703: checking for windres
configure:3737: checking for mig
configure:3773: checking for main in -lm
configure:3821: checking for wctype
configure:3919: checking for library containing gethostbyname
configure:3983: checking for library containing socketpair
configure:4055: checking for library containing waddstr
configure:4134: checking for library containing tgetent
configure:4208: checking for dirent.h that defines DIR
configure:4246: checking for opendir in -ldir
configure:4329: checking whether stat file-mode macros are broken
configure:4385: checking for ANSI C header files
configure:4492: checking for link.h
configure:4532: checking for machine/reg.h
configure:4572: checking for nlist.h
configure:4612: checking for poll.h
configure:4612: checking for sys/poll.h
configure:4652: checking for proc_service.h
configure:4652: checking for thread_db.h
configure:4652: checking for gnu/libc-version.h
configure:4692: checking for stddef.h
configure:4732: checking for stdlib.h
configure:4772: checking for stdint.h
configure:4812: checking for string.h
configure:4812: checking for memory.h
configure:4812: checking for strings.h
configure:4852: checking for sys/fault.h
configure:4892: checking for sys/file.h
configure:4932: checking for sys/filio.h
configure:4972: checking for sys/ioctl.h
configure:5012: checking for sys/param.h
configure:5052: checking for sys/proc.h
configure:5092: checking for sys/procfs.h
configure:5132: checking for sys/ptrace.h
configure:5132: checking for ptrace.h
configure:5172: checking for sys/reg.h
configure:5172: checking for sys/debugreg.h
configure:5212: checking for sys/select.h
configure:5252: checking for sys/syscall.h
configure:5292: checking for sys/types.h
configure:5332: checking for sys/user.h
configure:5372: checking for sys/wait.h
configure:5372: checking for wait.h
configure:5412: checking for termios.h
configure:5412: checking for termio.h
configure:5412: checking for sgtty.h
configure:5452: checking for unistd.h
configure:5505: checking for curses.h
configure:5505: checking for cursesX.h
configure:5505: checking for ncurses.h
configure:5505: checking for ncurses/ncurses.h
configure:5545: checking for ncurses/term.h
configure:5545: checking for term.h
configure:5588: checking for ctype.h
configure:5588: checking for time.h
configure:5626: checking for member st_blocks in struct stat
configure:5667: checking whether getopt is declared
configure:5721: checking return type of signal handlers
configure:5767: checking for working const
configure:5842: checking for inline
configure:5889: checking for working alloca.h
configure:5922: checking for alloca
configure:6124: checking for unistd.h
configure:6163: checking for getpagesize
configure:6216: checking for working mmap
configure:6387: checking for pid_t
configure:6421: checking for vfork.h
configure:6456: checking for working vfork
configure:6632: checking for canonicalize_file_name
configure:6632: checking for realpath
configure:6687: checking for poll
configure:6742: checking for pread64
configure:6797: checking for sbrk
configure:6852: checking for setpgid
configure:6852: checking for setpgrp
configure:6907: checking for sigaction
configure:6907: checking for sigprocmask
configure:6907: checking for sigsetmask
configure:6962: checking for socketpair
configure:7017: checking for syscall
configure:7072: checking for ttrace
configure:7127: checking for wborder
configure:7198: checking whether ptrace is declared
configure:7251: checking return type of ptrace
configure:7282: checking types of arguments for ptrace
configure:7361: checking whether setpgrp takes no argument
configure:7457: checking for sigsetjmp
configure:7497: checking for GNU regex
configure:7546: checking for td_pcb in struct thread
configure:7581: checking for struct lwp
configure:7616: checking for struct reg in machine/reg.h
configure:7652: checking for r_fs in struct reg
configure:7684: checking for r_gs in struct reg
configure:7718: checking for PTRACE_GETREGS
configure:7752: checking for PTRACE_GETFPXREGS
configure:7786: checking for PT_GETDBREGS
configure:7821: checking for PT_GETXMMREGS
configure:7857: checking for uintptr_t in stdint.h
configure:7890: checking whether malloc must be declared
configure:7937: checking whether realloc must be declared
configure:7984: checking whether free must be declared
configure:8031: checking whether strerror must be declared
configure:8078: checking whether strdup must be declared
configure:8125: checking whether strstr must be declared
configure:8172: checking whether canonicalize_file_name must be declared
configure:8224: checking for HPUX save_state structure
configure:8227:32: machine/save_state.h: No such file or directory
configure:8242:32: machine/save_state.h: No such file or directory
configure:8318: checking for pstatus_t in sys/procfs.h
configure:8354: checking for prrun_t in sys/procfs.h
configure:8390: checking for gregset_t in sys/procfs.h
configure:8426: checking for fpregset_t in sys/procfs.h
configure:8462: checking for prgregset_t in sys/procfs.h
configure:8498: checking for prfpregset_t in sys/procfs.h
configure:8534: checking for prgregset32_t in sys/procfs.h
configure:8570: checking for prfpregset32_t in sys/procfs.h
configure:8606: checking for lwpid_t in sys/procfs.h
configure:8642: checking for psaddr_t in sys/procfs.h
configure:8678: checking for prsysent_t in sys/procfs.h
configure:8714: checking for pr_sigset_t in sys/procfs.h
configure:8750: checking for pr_sigaction64_t in sys/procfs.h
configure:8786: checking for pr_siginfo64_t in sys/procfs.h
configure:8827: checking whether prfpregset_t type is broken
configure:8870: checking for PIOCSET ioctl entry in sys/procfs.h
configure:9059: checking for long long support in compiler
configure:9096: checking for long long support in printf
configure:9142: checking for long double support in compiler
configure:9176: checking for long double support in printf
configure:9218: checking for long double support in scanf
configure:9501: checking whether <thread_db.h> has TD_NOTALLOC
configure:9538: checking whether <sys/syscall.h> has __NR_tkill
configure:9662: checking compiler warning flags
configure:9679: gcc -c -g -O2 -Wimplicit  conftest.c 1>&5
configure:9679: gcc -c -g -O2 -Wreturn-type  conftest.c 1>&5
configure:9679: gcc -c -g -O2 -Wcomment  conftest.c 1>&5
configure:9679: gcc -c -g -O2 -Wtrigraphs  conftest.c 1>&5
configure:9679: gcc -c -g -O2 -Wformat  conftest.c 1>&5
configure:9679: gcc -c -g -O2 -Wparentheses  conftest.c 1>&5
configure:9679: gcc -c -g -O2 -Wpointer-arith  conftest.c 1>&5
configure:9679: gcc -c -g -O2 -Wuninitialized  conftest.c 1>&5
configure:9679: gcc -c -g -O2 -Wformat-nonliteral  conftest.c 1>&5
cc1: warning: -Wformat-nonliteral ignored without -Wformat
configure:9679: gcc -c -g -O2 -Wunused-label  conftest.c 1>&5
configure:9679: gcc -c -g -O2 -Wunused-function  conftest.c 1>&5
configure:9697: checking for cygwin
configure:10572: checking for X
configure:11030: checking for Cygwin environment
configure:11063: checking for mingw32 environment
configure:11094: checking for executable suffix
configure:11146: checking for iconv
