This file contains any messages produced by compilers while
running configure, to aid debugging if configure makes a mistake.

It was created by readline configure 4.3, which was
generated by GNU Autoconf 2.57.  Invocation command line was

  $ ./configure --cache-file=.././config.cache --build=i686-pc-linux-gnu --host=i686-pc-linux-gnu --target=bfin-elf --prefix=/home2/raja/bfin-elf/output1 --exec-prefix=/home2/raja/bfin-elf/output1 --enable-languages=c --srcdir=.

## --------- ##
## Platform. ##
## --------- ##

hostname = linux
uname -m = i686
uname -r = 2.4.20-8
uname -s = Linux
uname -v = #1 Thu Mar 13 17:54:28 EST 2003

/usr/bin/uname -p = unknown
/bin/uname -X     = unknown

/bin/arch              = i686
/usr/bin/arch -k       = unknown
/usr/convex/getsysinfo = unknown
hostinfo               = unknown
/bin/machine           = unknown
/usr/bin/oslevel       = unknown
/bin/universe          = unknown

PATH: /usr/local/bin
PATH: /usr/bin
PATH: /bin
PATH: /usr/X11R6/bin
PATH: /home2/raja/bin


## ----------- ##
## Core tests. ##
## ----------- ##

configure:1189: loading cache .././config.cache
configure:1325: checking build system type
configure:1343: result: i686-pc-linux-gnu
configure:1351: checking host system type
configure:1365: result: i686-pc-linux-gnu
configure:1403: checking whether make sets $(MAKE)
configure:1423: result: yes
configure:1440: checking for i686-pc-linux-gnu-gcc
configure:1466: result: gcc
configure:1748: checking for C compiler version
configure:1751: gcc --version </dev/null >&5
gcc (GCC) 3.2.2 20030222 (Red Hat Linux 3.2.2-5)
Copyright (C) 2002 Free Software Foundation, Inc.
This is free software; see the source for copying conditions.  There is NO
warranty; not even for MERCHANTABILITY or FITNESS FOR A PARTICULAR PURPOSE.

configure:1754: $? = 0
configure:1756: gcc -v </dev/null >&5
Reading specs from /usr/lib/gcc-lib/i386-redhat-linux/3.2.2/specs
Configured with: ../configure --prefix=/usr --mandir=/usr/share/man --infodir=/usr/share/info --enable-shared --enable-threads=posix --disable-checking --with-system-zlib --enable-__cxa_atexit --host=i386-redhat-linux
Thread model: posix
gcc version 3.2.2 20030222 (Red Hat Linux 3.2.2-5)
configure:1759: $? = 0
configure:1761: gcc -V </dev/null >&5
gcc: argument to `-V' is missing
configure:1764: $? = 1
configure:1788: checking for C compiler default output
configure:1791: gcc -g -O2   conftest.c  >&5
configure:1794: $? = 0
configure:1840: result: a.out
configure:1845: checking whether the C compiler works
configure:1851: ./a.out
configure:1854: $? = 0
configure:1871: result: yes
configure:1878: checking whether we are cross compiling
configure:1880: result: no
configure:1883: checking for suffix of executables
configure:1885: gcc -o conftest -g -O2   conftest.c  >&5
configure:1888: $? = 0
configure:1913: result: 
configure:1919: checking for suffix of object files
configure:1941: gcc -c -g -O2  conftest.c >&5
configure:1944: $? = 0
configure:1966: result: o
configure:1970: checking whether we are using the GNU C compiler
configure:1995: gcc -c -g -O2  conftest.c >&5
configure:1998: $? = 0
configure:2001: test -s conftest.o
configure:2004: $? = 0
configure:2017: result: yes
configure:2023: checking whether gcc accepts -g
configure:2045: gcc -c -g  conftest.c >&5
configure:2048: $? = 0
configure:2051: test -s conftest.o
configure:2054: $? = 0
configure:2065: result: yes
configure:2082: checking for gcc option to accept ANSI C
configure:2143: gcc  -c -g -O2  conftest.c >&5
configure:2146: $? = 0
configure:2149: test -s conftest.o
configure:2152: $? = 0
configure:2170: result: none needed
configure:2188: gcc -c -g -O2  conftest.c >&5
conftest.c:2: parse error before "me"
configure:2191: $? = 1
configure: failed program was:
| #ifndef __cplusplus
|   choke me
| #endif
configure:2306: checking how to run the C preprocessor
configure:2342: gcc -E  conftest.c
configure:2348: $? = 0
configure:2380: gcc -E  conftest.c
configure:2379:28: ac_nonexistent.h: No such file or directory
configure:2386: $? = 1
configure: failed program was:
| #line 2371 "configure"
| /* confdefs.h.  */
| 
| #define PACKAGE_NAME "readline"
| #define PACKAGE_TARNAME "readline"
| #define PACKAGE_VERSION "4.3"
| #define PACKAGE_STRING "readline 4.3"
| #define PACKAGE_BUGREPORT "bug-readline@gnu.org"
| /* end confdefs.h.  */
| #include <ac_nonexistent.h>
configure:2424: result: gcc -E
configure:2449: gcc -E  conftest.c
configure:2455: $? = 0
configure:2487: gcc -E  conftest.c
configure:2486:28: ac_nonexistent.h: No such file or directory
configure:2493: $? = 1
configure: failed program was:
| #line 2478 "configure"
| /* confdefs.h.  */
| 
| #define PACKAGE_NAME "readline"
| #define PACKAGE_TARNAME "readline"
| #define PACKAGE_VERSION "4.3"
| #define PACKAGE_STRING "readline 4.3"
| #define PACKAGE_BUGREPORT "bug-readline@gnu.org"
| /* end confdefs.h.  */
| #include <ac_nonexistent.h>
configure:2536: checking for egrep
configure:2546: result: grep -E
configure:2551: checking for ANSI C header files
configure:2577: gcc -c -g -O2  conftest.c >&5
configure:2580: $? = 0
configure:2583: test -s conftest.o
configure:2586: $? = 0
configure:2675: gcc -o conftest -g -O2   conftest.c  >&5
configure:2678: $? = 0
configure:2680: ./conftest
configure:2683: $? = 0
configure:2698: result: yes
configure:2722: checking for sys/types.h
configure:2739: gcc -c -g -O2  conftest.c >&5
configure:2742: $? = 0
configure:2745: test -s conftest.o
configure:2748: $? = 0
configure:2759: result: yes
configure:2722: checking for sys/stat.h
configure:2739: gcc -c -g -O2  conftest.c >&5
configure:2742: $? = 0
configure:2745: test -s conftest.o
configure:2748: $? = 0
configure:2759: result: yes
configure:2722: checking for stdlib.h
configure:2739: gcc -c -g -O2  conftest.c >&5
configure:2742: $? = 0
configure:2745: test -s conftest.o
configure:2748: $? = 0
configure:2759: result: yes
configure:2722: checking for string.h
configure:2739: gcc -c -g -O2  conftest.c >&5
configure:2742: $? = 0
configure:2745: test -s conftest.o
configure:2748: $? = 0
configure:2759: result: yes
configure:2722: checking for memory.h
configure:2739: gcc -c -g -O2  conftest.c >&5
configure:2742: $? = 0
configure:2745: test -s conftest.o
configure:2748: $? = 0
configure:2759: result: yes
configure:2722: checking for strings.h
configure:2739: gcc -c -g -O2  conftest.c >&5
configure:2742: $? = 0
configure:2745: test -s conftest.o
configure:2748: $? = 0
configure:2759: result: yes
configure:2722: checking for inttypes.h
configure:2739: gcc -c -g -O2  conftest.c >&5
configure:2742: $? = 0
configure:2745: test -s conftest.o
configure:2748: $? = 0
configure:2759: result: yes
configure:2722: checking for stdint.h
configure:2739: gcc -c -g -O2  conftest.c >&5
configure:2742: $? = 0
configure:2745: test -s conftest.o
configure:2748: $? = 0
configure:2759: result: yes
configure:2722: checking for unistd.h
configure:2739: gcc -c -g -O2  conftest.c >&5
configure:2742: $? = 0
configure:2745: test -s conftest.o
configure:2748: $? = 0
configure:2759: result: yes
configure:2781: checking minix/config.h usability
configure:2794: gcc -c -g -O2  conftest.c >&5
configure:2835:26: minix/config.h: No such file or directory
configure:2797: $? = 1
configure: failed program was:
| #line 2783 "configure"
| /* confdefs.h.  */
| 
| #define PACKAGE_NAME "readline"
| #define PACKAGE_TARNAME "readline"
| #define PACKAGE_VERSION "4.3"
| #define PACKAGE_STRING "readline 4.3"
| #define PACKAGE_BUGREPORT "bug-readline@gnu.org"
| #define STDC_HEADERS 1
| #define HAVE_SYS_TYPES_H 1
| #define HAVE_SYS_STAT_H 1
| #define HAVE_STDLIB_H 1
| #define HAVE_STRING_H 1
| #define HAVE_MEMORY_H 1
| #define HAVE_STRINGS_H 1
| #define HAVE_INTTYPES_H 1
| #define HAVE_STDINT_H 1
| #define HAVE_UNISTD_H 1
| /* end confdefs.h.  */
| #include <stdio.h>
| #if HAVE_SYS_TYPES_H
| # include <sys/types.h>
| #endif
| #if HAVE_SYS_STAT_H
| # include <sys/stat.h>
| #endif
| #if STDC_HEADERS
| # include <stdlib.h>
| # include <stddef.h>
| #else
| # if HAVE_STDLIB_H
| #  include <stdlib.h>
| # endif
| #endif
| #if HAVE_STRING_H
| # if !STDC_HEADERS && HAVE_MEMORY_H
| #  include <memory.h>
| # endif
| # include <string.h>
| #endif
| #if HAVE_STRINGS_H
| # include <strings.h>
| #endif
| #if HAVE_INTTYPES_H
| # include <inttypes.h>
| #else
| # if HAVE_STDINT_H
| #  include <stdint.h>
| # endif
| #endif
| #if HAVE_UNISTD_H
| # include <unistd.h>
| #endif
| #include <minix/config.h>
configure:2813: result: no
configure:2817: checking minix/config.h presence
configure:2828: gcc -E  conftest.c
configure:2837:26: minix/config.h: No such file or directory
configure:2834: $? = 1
configure: failed program was:
| #line 2819 "configure"
| /* confdefs.h.  */
| 
| #define PACKAGE_NAME "readline"
| #define PACKAGE_TARNAME "readline"
| #define PACKAGE_VERSION "4.3"
| #define PACKAGE_STRING "readline 4.3"
| #define PACKAGE_BUGREPORT "bug-readline@gnu.org"
| #define STDC_HEADERS 1
| #define HAVE_SYS_TYPES_H 1
| #define HAVE_SYS_STAT_H 1
| #define HAVE_STDLIB_H 1
| #define HAVE_STRING_H 1
| #define HAVE_MEMORY_H 1
| #define HAVE_STRINGS_H 1
| #define HAVE_INTTYPES_H 1
| #define HAVE_STDINT_H 1
| #define HAVE_UNISTD_H 1
| /* end confdefs.h.  */
| #include <minix/config.h>
configure:2853: result: no
configure:2889: checking for minix/config.h
configure:2896: result: no
configure:2964: checking whether gcc needs -traditional
configure:3008: result: no
configure:3027: checking for a BSD-compatible install
configure:3081: result: /usr/bin/install -c
configure:3094: checking for ar
configure:3121: result: ar
configure:3132: checking for i686-pc-linux-gnu-ranlib
configure:3158: result: ranlib
configure:3213: checking for an ANSI C-conforming const
configure:3281: gcc -c -g -O2  conftest.c >&5
configure:3284: $? = 0
configure:3287: test -s conftest.o
configure:3290: $? = 0
configure:3301: result: yes
configure:3311: checking for function prototypes
configure:3314: result: yes
configure:3332: checking whether char is unsigned
configure:3356: gcc -c -g -O2  conftest.c >&5
configure:3359: $? = 0
configure:3362: test -s conftest.o
configure:3365: $? = 0
configure:3376: result: no
configure:3386: checking return type of signal handlers
configure:3418: gcc -c -g -O2  conftest.c >&5
configure:3421: $? = 0
configure:3424: test -s conftest.o
configure:3427: $? = 0
configure:3438: result: void
configure:3447: checking for size_t
configure:3472: gcc -c -g -O2  conftest.c >&5
configure:3475: $? = 0
configure:3478: test -s conftest.o
configure:3481: $? = 0
configure:3492: result: yes
configure:3504: checking for ssize_t
configure:3529: gcc -c -g -O2  conftest.c >&5
configure:3532: $? = 0
configure:3535: test -s conftest.o
configure:3538: $? = 0
configure:3549: result: yes
configure:3562: checking whether stat file-mode macros are broken
configure:3611: result: no
configure:3629: checking for dirent.h that defines DIR
configure:3654: gcc -c -g -O2  conftest.c >&5
configure:3657: $? = 0
configure:3660: test -s conftest.o
configure:3663: $? = 0
configure:3674: result: yes
configure:3687: checking for library containing opendir
configure:3718: gcc -o conftest -g -O2   conftest.c  >&5
configure:3721: $? = 0
configure:3724: test -s conftest
configure:3727: $? = 0
configure:3786: result: none required
configure:3919: checking for lstat
configure:3969: gcc -o conftest -g -O2   conftest.c  >&5
configure:3972: $? = 0
configure:3975: test -s conftest
configure:3978: $? = 0
configure:3989: result: yes
configure:3919: checking for memmove
configure:3969: gcc -o conftest -g -O2   conftest.c  >&5
configure:3972: $? = 0
configure:3975: test -s conftest
configure:3978: $? = 0
configure:3989: result: yes
configure:3919: checking for putenv
configure:3969: gcc -o conftest -g -O2   conftest.c  >&5
configure:3972: $? = 0
configure:3975: test -s conftest
configure:3978: $? = 0
configure:3989: result: yes
configure:3919: checking for select
configure:3969: gcc -o conftest -g -O2   conftest.c  >&5
configure:3972: $? = 0
configure:3975: test -s conftest
configure:3978: $? = 0
configure:3989: result: yes
configure:3919: checking for setenv
configure:3969: gcc -o conftest -g -O2   conftest.c  >&5
configure:3972: $? = 0
configure:3975: test -s conftest
configure:3978: $? = 0
configure:3989: result: yes
configure:3919: checking for setlocale
configure:3969: gcc -o conftest -g -O2   conftest.c  >&5
configure:3972: $? = 0
configure:3975: test -s conftest
configure:3978: $? = 0
configure:3989: result: yes
configure:3919: checking for strcasecmp
configure:3969: gcc -o conftest -g -O2   conftest.c  >&5
configure:3972: $? = 0
configure:3975: test -s conftest
configure:3978: $? = 0
configure:3989: result: yes
configure:3919: checking for strpbrk
configure:3969: gcc -o conftest -g -O2   conftest.c  >&5
configure:3969: warning: conflicting types for built-in function `strpbrk'
configure:3972: $? = 0
configure:3975: test -s conftest
configure:3978: $? = 0
configure:3989: result: yes
configure:3919: checking for tcgetattr
configure:3969: gcc -o conftest -g -O2   conftest.c  >&5
configure:3972: $? = 0
configure:3975: test -s conftest
configure:3978: $? = 0
configure:3989: result: yes
configure:3919: checking for vsnprintf
configure:3969: gcc -o conftest -g -O2   conftest.c  >&5
configure:3972: $? = 0
configure:3975: test -s conftest
configure:3978: $? = 0
configure:3989: result: yes
configure:3919: checking for isascii
configure:3969: gcc -o conftest -g -O2   conftest.c  >&5
configure:3972: $? = 0
configure:3975: test -s conftest
configure:3978: $? = 0
configure:3989: result: yes
configure:3919: checking for isxdigit
configure:3969: gcc -o conftest -g -O2   conftest.c  >&5
configure:3972: $? = 0
configure:3975: test -s conftest
configure:3978: $? = 0
configure:3989: result: yes
configure:4000: checking for working strcoll
configure:4027: gcc -o conftest -g -O2   conftest.c  >&5
configure:4030: $? = 0
configure:4032: ./conftest
configure:4035: $? = 0
configure:4049: result: yes
configure:4083: checking for unistd.h
configure:4088: result: yes
configure:4083: checking for stdlib.h
configure:4088: result: yes
configure:4092: checking varargs.h usability
configure:4105: gcc -c -g -O2  conftest.c >&5
configure:4108: $? = 0
configure:4111: test -s conftest.o
configure:4114: $? = 0
configure:4124: result: yes
configure:4128: checking varargs.h presence
configure:4139: gcc -E  conftest.c
configure:4145: $? = 0
configure:4164: result: yes
configure:4200: checking for varargs.h
configure:4207: result: yes
configure:4092: checking stdarg.h usability
configure:4105: gcc -c -g -O2  conftest.c >&5
configure:4108: $? = 0
configure:4111: test -s conftest.o
configure:4114: $? = 0
configure:4124: result: yes
configure:4128: checking stdarg.h presence
configure:4139: gcc -E  conftest.c
configure:4145: $? = 0
configure:4164: result: yes
configure:4200: checking for stdarg.h
configure:4207: result: yes
configure:4083: checking for string.h
configure:4088: result: yes
configure:4083: checking for strings.h
configure:4088: result: yes
configure:4092: checking limits.h usability
configure:4105: gcc -c -g -O2  conftest.c >&5
configure:4108: $? = 0
configure:4111: test -s conftest.o
configure:4114: $? = 0
configure:4124: result: yes
configure:4128: checking limits.h presence
configure:4139: gcc -E  conftest.c
configure:4145: $? = 0
configure:4164: result: yes
configure:4200: checking for limits.h
configure:4207: result: yes
configure:4092: checking sys/ptem.h usability
configure:4105: gcc -c -g -O2  conftest.c >&5
configure:4170:22: sys/ptem.h: No such file or directory
configure:4108: $? = 1
configure: failed program was:
| #line 4094 "configure"
| /* confdefs.h.  */
| 
| #define PACKAGE_NAME "readline"
| #define PACKAGE_TARNAME "readline"
| #define PACKAGE_VERSION "4.3"
| #define PACKAGE_STRING "readline 4.3"
| #define PACKAGE_BUGREPORT "bug-readline@gnu.org"
| #define STDC_HEADERS 1
| #define HAVE_SYS_TYPES_H 1
| #define HAVE_SYS_STAT_H 1
| #define HAVE_STDLIB_H 1
| #define HAVE_STRING_H 1
| #define HAVE_MEMORY_H 1
| #define HAVE_STRINGS_H 1
| #define HAVE_INTTYPES_H 1
| #define HAVE_STDINT_H 1
| #define HAVE_UNISTD_H 1
| #define PROTOTYPES 1
| #define __PROTOTYPES 1
| #define RETSIGTYPE void
| #define HAVE_DIRENT_H 1
| #define HAVE_LSTAT 1
| #define HAVE_MEMMOVE 1
| #define HAVE_PUTENV 1
| #define HAVE_SELECT 1
| #define HAVE_SETENV 1
| #define HAVE_SETLOCALE 1
| #define HAVE_STRCASECMP 1
| #define HAVE_STRPBRK 1
| #define HAVE_TCGETATTR 1
| #define HAVE_VSNPRINTF 1
| #define HAVE_ISASCII 1
| #define HAVE_ISXDIGIT 1
| #define HAVE_STRCOLL 1
| #define HAVE_UNISTD_H 1
| #define HAVE_STDLIB_H 1
| #define HAVE_VARARGS_H 1
| #define HAVE_STDARG_H 1
| #define HAVE_STRING_H 1
| #define HAVE_STRINGS_H 1
| #define HAVE_LIMITS_H 1
| /* end confdefs.h.  */
| #include <stdio.h>
| #if HAVE_SYS_TYPES_H
| # include <sys/types.h>
| #endif
| #if HAVE_SYS_STAT_H
| # include <sys/stat.h>
| #endif
| #if STDC_HEADERS
| # include <stdlib.h>
| # include <stddef.h>
| #else
| # if HAVE_STDLIB_H
| #  include <stdlib.h>
| # endif
| #endif
| #if HAVE_STRING_H
| # if !STDC_HEADERS && HAVE_MEMORY_H
| #  include <memory.h>
| # endif
| # include <string.h>
| #endif
| #if HAVE_STRINGS_H
| # include <strings.h>
| #endif
| #if HAVE_INTTYPES_H
| # include <inttypes.h>
| #else
| # if HAVE_STDINT_H
| #  include <stdint.h>
| # endif
| #endif
| #if HAVE_UNISTD_H
| # include <unistd.h>
| #endif
| #include <sys/ptem.h>
configure:4124: result: no
configure:4128: checking sys/ptem.h presence
configure:4139: gcc -E  conftest.c
configure:4172:22: sys/ptem.h: No such file or directory
configure:4145: $? = 1
configure: failed program was:
| #line 4130 "configure"
| /* confdefs.h.  */
| 
| #define PACKAGE_NAME "readline"
| #define PACKAGE_TARNAME "readline"
| #define PACKAGE_VERSION "4.3"
| #define PACKAGE_STRING "readline 4.3"
| #define PACKAGE_BUGREPORT "bug-readline@gnu.org"
| #define STDC_HEADERS 1
| #define HAVE_SYS_TYPES_H 1
| #define HAVE_SYS_STAT_H 1
| #define HAVE_STDLIB_H 1
| #define HAVE_STRING_H 1
| #define HAVE_MEMORY_H 1
| #define HAVE_STRINGS_H 1
| #define HAVE_INTTYPES_H 1
| #define HAVE_STDINT_H 1
| #define HAVE_UNISTD_H 1
| #define PROTOTYPES 1
| #define __PROTOTYPES 1
| #define RETSIGTYPE void
| #define HAVE_DIRENT_H 1
| #define HAVE_LSTAT 1
| #define HAVE_MEMMOVE 1
| #define HAVE_PUTENV 1
| #define HAVE_SELECT 1
| #define HAVE_SETENV 1
| #define HAVE_SETLOCALE 1
| #define HAVE_STRCASECMP 1
| #define HAVE_STRPBRK 1
| #define HAVE_TCGETATTR 1
| #define HAVE_VSNPRINTF 1
| #define HAVE_ISASCII 1
| #define HAVE_ISXDIGIT 1
| #define HAVE_STRCOLL 1
| #define HAVE_UNISTD_H 1
| #define HAVE_STDLIB_H 1
| #define HAVE_VARARGS_H 1
| #define HAVE_STDARG_H 1
| #define HAVE_STRING_H 1
| #define HAVE_STRINGS_H 1
| #define HAVE_LIMITS_H 1
| /* end confdefs.h.  */
| #include <sys/ptem.h>
configure:4164: result: no
configure:4200: checking for sys/ptem.h
configure:4207: result: no
configure:4092: checking sys/pte.h usability
configure:4105: gcc -c -g -O2  conftest.c >&5
configure:4170:21: sys/pte.h: No such file or directory
configure:4108: $? = 1
configure: failed program was:
| #line 4094 "configure"
| /* confdefs.h.  */
| 
| #define PACKAGE_NAME "readline"
| #define PACKAGE_TARNAME "readline"
| #define PACKAGE_VERSION "4.3"
| #define PACKAGE_STRING "readline 4.3"
| #define PACKAGE_BUGREPORT "bug-readline@gnu.org"
| #define STDC_HEADERS 1
| #define HAVE_SYS_TYPES_H 1
| #define HAVE_SYS_STAT_H 1
| #define HAVE_STDLIB_H 1
| #define HAVE_STRING_H 1
| #define HAVE_MEMORY_H 1
| #define HAVE_STRINGS_H 1
| #define HAVE_INTTYPES_H 1
| #define HAVE_STDINT_H 1
| #define HAVE_UNISTD_H 1
| #define PROTOTYPES 1
| #define __PROTOTYPES 1
| #define RETSIGTYPE void
| #define HAVE_DIRENT_H 1
| #define HAVE_LSTAT 1
| #define HAVE_MEMMOVE 1
| #define HAVE_PUTENV 1
| #define HAVE_SELECT 1
| #define HAVE_SETENV 1
| #define HAVE_SETLOCALE 1
| #define HAVE_STRCASECMP 1
| #define HAVE_STRPBRK 1
| #define HAVE_TCGETATTR 1
| #define HAVE_VSNPRINTF 1
| #define HAVE_ISASCII 1
| #define HAVE_ISXDIGIT 1
| #define HAVE_STRCOLL 1
| #define HAVE_UNISTD_H 1
| #define HAVE_STDLIB_H 1
| #define HAVE_VARARGS_H 1
| #define HAVE_STDARG_H 1
| #define HAVE_STRING_H 1
| #define HAVE_STRINGS_H 1
| #define HAVE_LIMITS_H 1
| /* end confdefs.h.  */
| #include <stdio.h>
| #if HAVE_SYS_TYPES_H
| # include <sys/types.h>
| #endif
| #if HAVE_SYS_STAT_H
| # include <sys/stat.h>
| #endif
| #if STDC_HEADERS
| # include <stdlib.h>
| # include <stddef.h>
| #else
| # if HAVE_STDLIB_H
| #  include <stdlib.h>
| # endif
| #endif
| #if HAVE_STRING_H
| # if !STDC_HEADERS && HAVE_MEMORY_H
| #  include <memory.h>
| # endif
| # include <string.h>
| #endif
| #if HAVE_STRINGS_H
| # include <strings.h>
| #endif
| #if HAVE_INTTYPES_H
| # include <inttypes.h>
| #else
| # if HAVE_STDINT_H
| #  include <stdint.h>
| # endif
| #endif
| #if HAVE_UNISTD_H
| # include <unistd.h>
| #endif
| #include <sys/pte.h>
configure:4124: result: no
configure:4128: checking sys/pte.h presence
configure:4139: gcc -E  conftest.c
configure:4172:21: sys/pte.h: No such file or directory
configure:4145: $? = 1
configure: failed program was:
| #line 4130 "configure"
| /* confdefs.h.  */
| 
| #define PACKAGE_NAME "readline"
| #define PACKAGE_TARNAME "readline"
| #define PACKAGE_VERSION "4.3"
| #define PACKAGE_STRING "readline 4.3"
| #define PACKAGE_BUGREPORT "bug-readline@gnu.org"
| #define STDC_HEADERS 1
| #define HAVE_SYS_TYPES_H 1
| #define HAVE_SYS_STAT_H 1
| #define HAVE_STDLIB_H 1
| #define HAVE_STRING_H 1
| #define HAVE_MEMORY_H 1
| #define HAVE_STRINGS_H 1
| #define HAVE_INTTYPES_H 1
| #define HAVE_STDINT_H 1
| #define HAVE_UNISTD_H 1
| #define PROTOTYPES 1
| #define __PROTOTYPES 1
| #define RETSIGTYPE void
| #define HAVE_DIRENT_H 1
| #define HAVE_LSTAT 1
| #define HAVE_MEMMOVE 1
| #define HAVE_PUTENV 1
| #define HAVE_SELECT 1
| #define HAVE_SETENV 1
| #define HAVE_SETLOCALE 1
| #define HAVE_STRCASECMP 1
| #define HAVE_STRPBRK 1
| #define HAVE_TCGETATTR 1
| #define HAVE_VSNPRINTF 1
| #define HAVE_ISASCII 1
| #define HAVE_ISXDIGIT 1
| #define HAVE_STRCOLL 1
| #define HAVE_UNISTD_H 1
| #define HAVE_STDLIB_H 1
| #define HAVE_VARARGS_H 1
| #define HAVE_STDARG_H 1
| #define HAVE_STRING_H 1
| #define HAVE_STRINGS_H 1
| #define HAVE_LIMITS_H 1
| /* end confdefs.h.  */
| #include <sys/pte.h>
configure:4164: result: no
configure:4200: checking for sys/pte.h
configure:4207: result: no
configure:4092: checking sys/stream.h usability
configure:4105: gcc -c -g -O2  conftest.c >&5
configure:4170:24: sys/stream.h: No such file or directory
configure:4108: $? = 1
configure: failed program was:
| #line 4094 "configure"
| /* confdefs.h.  */
| 
| #define PACKAGE_NAME "readline"
| #define PACKAGE_TARNAME "readline"
| #define PACKAGE_VERSION "4.3"
| #define PACKAGE_STRING "readline 4.3"
| #define PACKAGE_BUGREPORT "bug-readline@gnu.org"
| #define STDC_HEADERS 1
| #define HAVE_SYS_TYPES_H 1
| #define HAVE_SYS_STAT_H 1
| #define HAVE_STDLIB_H 1
| #define HAVE_STRING_H 1
| #define HAVE_MEMORY_H 1
| #define HAVE_STRINGS_H 1
| #define HAVE_INTTYPES_H 1
| #define HAVE_STDINT_H 1
| #define HAVE_UNISTD_H 1
| #define PROTOTYPES 1
| #define __PROTOTYPES 1
| #define RETSIGTYPE void
| #define HAVE_DIRENT_H 1
| #define HAVE_LSTAT 1
| #define HAVE_MEMMOVE 1
| #define HAVE_PUTENV 1
| #define HAVE_SELECT 1
| #define HAVE_SETENV 1
| #define HAVE_SETLOCALE 1
| #define HAVE_STRCASECMP 1
| #define HAVE_STRPBRK 1
| #define HAVE_TCGETATTR 1
| #define HAVE_VSNPRINTF 1
| #define HAVE_ISASCII 1
| #define HAVE_ISXDIGIT 1
| #define HAVE_STRCOLL 1
| #define HAVE_UNISTD_H 1
| #define HAVE_STDLIB_H 1
| #define HAVE_VARARGS_H 1
| #define HAVE_STDARG_H 1
| #define HAVE_STRING_H 1
| #define HAVE_STRINGS_H 1
| #define HAVE_LIMITS_H 1
| /* end confdefs.h.  */
| #include <stdio.h>
| #if HAVE_SYS_TYPES_H
| # include <sys/types.h>
| #endif
| #if HAVE_SYS_STAT_H
| # include <sys/stat.h>
| #endif
| #if STDC_HEADERS
| # include <stdlib.h>
| # include <stddef.h>
| #else
| # if HAVE_STDLIB_H
| #  include <stdlib.h>
| # endif
| #endif
| #if HAVE_STRING_H
| # if !STDC_HEADERS && HAVE_MEMORY_H
| #  include <memory.h>
| # endif
| # include <string.h>
| #endif
| #if HAVE_STRINGS_H
| # include <strings.h>
| #endif
| #if HAVE_INTTYPES_H
| # include <inttypes.h>
| #else
| # if HAVE_STDINT_H
| #  include <stdint.h>
| # endif
| #endif
| #if HAVE_UNISTD_H
| # include <unistd.h>
| #endif
| #include <sys/stream.h>
configure:4124: result: no
configure:4128: checking sys/stream.h presence
configure:4139: gcc -E  conftest.c
configure:4172:24: sys/stream.h: No such file or directory
configure:4145: $? = 1
configure: failed program was:
| #line 4130 "configure"
| /* confdefs.h.  */
| 
| #define PACKAGE_NAME "readline"
| #define PACKAGE_TARNAME "readline"
| #define PACKAGE_VERSION "4.3"
| #define PACKAGE_STRING "readline 4.3"
| #define PACKAGE_BUGREPORT "bug-readline@gnu.org"
| #define STDC_HEADERS 1
| #define HAVE_SYS_TYPES_H 1
| #define HAVE_SYS_STAT_H 1
| #define HAVE_STDLIB_H 1
| #define HAVE_STRING_H 1
| #define HAVE_MEMORY_H 1
| #define HAVE_STRINGS_H 1
| #define HAVE_INTTYPES_H 1
| #define HAVE_STDINT_H 1
| #define HAVE_UNISTD_H 1
| #define PROTOTYPES 1
| #define __PROTOTYPES 1
| #define RETSIGTYPE void
| #define HAVE_DIRENT_H 1
| #define HAVE_LSTAT 1
| #define HAVE_MEMMOVE 1
| #define HAVE_PUTENV 1
| #define HAVE_SELECT 1
| #define HAVE_SETENV 1
| #define HAVE_SETLOCALE 1
| #define HAVE_STRCASECMP 1
| #define HAVE_STRPBRK 1
| #define HAVE_TCGETATTR 1
| #define HAVE_VSNPRINTF 1
| #define HAVE_ISASCII 1
| #define HAVE_ISXDIGIT 1
| #define HAVE_STRCOLL 1
| #define HAVE_UNISTD_H 1
| #define HAVE_STDLIB_H 1
| #define HAVE_VARARGS_H 1
| #define HAVE_STDARG_H 1
| #define HAVE_STRING_H 1
| #define HAVE_STRINGS_H 1
| #define HAVE_LIMITS_H 1
| /* end confdefs.h.  */
| #include <sys/stream.h>
configure:4164: result: no
configure:4200: checking for sys/stream.h
configure:4207: result: no
configure:4092: checking sys/select.h usability
configure:4105: gcc -c -g -O2  conftest.c >&5
configure:4108: $? = 0
configure:4111: test -s conftest.o
configure:4114: $? = 0
configure:4124: result: yes
configure:4128: checking sys/select.h presence
configure:4139: gcc -E  conftest.c
configure:4145: $? = 0
configure:4164: result: yes
configure:4200: checking for sys/select.h
configure:4207: result: yes
configure:4092: checking termcap.h usability
configure:4105: gcc -c -g -O2  conftest.c >&5
configure:4108: $? = 0
configure:4111: test -s conftest.o
configure:4114: $? = 0
configure:4124: result: yes
configure:4128: checking termcap.h presence
configure:4139: gcc -E  conftest.c
configure:4145: $? = 0
configure:4164: result: yes
configure:4200: checking for termcap.h
configure:4207: result: yes
configure:4092: checking termios.h usability
configure:4105: gcc -c -g -O2  conftest.c >&5
configure:4108: $? = 0
configure:4111: test -s conftest.o
configure:4114: $? = 0
configure:4124: result: yes
configure:4128: checking termios.h presence
configure:4139: gcc -E  conftest.c
configure:4145: $? = 0
configure:4164: result: yes
configure:4200: checking for termios.h
configure:4207: result: yes
configure:4092: checking termio.h usability
configure:4105: gcc -c -g -O2  conftest.c >&5
configure:4108: $? = 0
configure:4111: test -s conftest.o
configure:4114: $? = 0
configure:4124: result: yes
configure:4128: checking termio.h presence
configure:4139: gcc -E  conftest.c
configure:4145: $? = 0
configure:4164: result: yes
configure:4200: checking for termio.h
configure:4207: result: yes
configure:4092: checking sys/file.h usability
configure:4105: gcc -c -g -O2  conftest.c >&5
configure:4108: $? = 0
configure:4111: test -s conftest.o
configure:4114: $? = 0
configure:4124: result: yes
configure:4128: checking sys/file.h presence
configure:4139: gcc -E  conftest.c
configure:4145: $? = 0
configure:4164: result: yes
configure:4200: checking for sys/file.h
configure:4207: result: yes
configure:4092: checking locale.h usability
configure:4105: gcc -c -g -O2  conftest.c >&5
configure:4108: $? = 0
configure:4111: test -s conftest.o
configure:4114: $? = 0
configure:4124: result: yes
configure:4128: checking locale.h presence
configure:4139: gcc -E  conftest.c
configure:4145: $? = 0
configure:4164: result: yes
configure:4200: checking for locale.h
configure:4207: result: yes
configure:4083: checking for memory.h
configure:4088: result: yes
configure:4222: checking for type of signal functions
configure:4251: gcc -o conftest -g -O2   conftest.c  >&5
configure:4254: $? = 0
configure:4257: test -s conftest
configure:4260: $? = 0
configure:4357: result: posix
configure:4378: checking if signal handlers must be reinstalled when invoked
configure:4442: gcc -o conftest -g -O2   conftest.c  >&5
configure:4445: $? = 0
configure:4447: ./conftest
configure:4450: $? = 0
configure:4465: result: no
configure:4476: checking for presence of POSIX-style sigsetjmp/siglongjmp
configure:4534: gcc -o conftest -g -O2   conftest.c  >&5
configure:4537: $? = 0
configure:4539: ./conftest
configure:4542: $? = 0
configure:4557: result: present
configure:4566: checking for lstat
configure:4591: gcc -o conftest -g -O2   conftest.c  >&5
configure:4594: $? = 0
configure:4597: test -s conftest
configure:4600: $? = 0
configure:4611: result: yes
configure:4621: checking whether or not strcoll and strcmp differ
configure:4677: gcc -o conftest -g -O2   conftest.c  >&5
configure:4680: $? = 0
configure:4682: ./conftest
configure:4685: $? = 1
configure: program exited with status 1
configure: failed program was:
| #line 4632 "configure"
| /* confdefs.h.  */
| 
| #define PACKAGE_NAME "readline"
| #define PACKAGE_TARNAME "readline"
| #define PACKAGE_VERSION "4.3"
| #define PACKAGE_STRING "readline 4.3"
| #define PACKAGE_BUGREPORT "bug-readline@gnu.org"
| #define STDC_HEADERS 1
| #define HAVE_SYS_TYPES_H 1
| #define HAVE_SYS_STAT_H 1
| #define HAVE_STDLIB_H 1
| #define HAVE_STRING_H 1
| #define HAVE_MEMORY_H 1
| #define HAVE_STRINGS_H 1
| #define HAVE_INTTYPES_H 1
| #define HAVE_STDINT_H 1
| #define HAVE_UNISTD_H 1
| #define PROTOTYPES 1
| #define __PROTOTYPES 1
| #define RETSIGTYPE void
| #define HAVE_DIRENT_H 1
| #define HAVE_LSTAT 1
| #define HAVE_MEMMOVE 1
| #define HAVE_PUTENV 1
| #define HAVE_SELECT 1
| #define HAVE_SETENV 1
| #define HAVE_SETLOCALE 1
| #define HAVE_STRCASECMP 1
| #define HAVE_STRPBRK 1
| #define HAVE_TCGETATTR 1
| #define HAVE_VSNPRINTF 1
| #define HAVE_ISASCII 1
| #define HAVE_ISXDIGIT 1
| #define HAVE_STRCOLL 1
| #define HAVE_UNISTD_H 1
| #define HAVE_STDLIB_H 1
| #define HAVE_VARARGS_H 1
| #define HAVE_STDARG_H 1
| #define HAVE_STRING_H 1
| #define HAVE_STRINGS_H 1
| #define HAVE_LIMITS_H 1
| #define HAVE_SYS_SELECT_H 1
| #define HAVE_TERMCAP_H 1
| #define HAVE_TERMIOS_H 1
| #define HAVE_TERMIO_H 1
| #define HAVE_SYS_FILE_H 1
| #define HAVE_LOCALE_H 1
| #define HAVE_MEMORY_H 1
| #define HAVE_POSIX_SIGNALS 1
| #define HAVE_POSIX_SIGSETJMP 1
| #define HAVE_LSTAT 1
| /* end confdefs.h.  */
| 
| #include <stdio.h>
| #if defined (HAVE_LOCALE_H)
| #include <locale.h>
| #endif
| 
| main(c, v)
| int     c;
| char    *v[];
| {
|         int     r1, r2;
|         char    *deflocale, *defcoll;
| 
| #ifdef HAVE_SETLOCALE
|         deflocale = setlocale(LC_ALL, "");
| 	defcoll = setlocale(LC_COLLATE, "");
| #endif
| 
| #ifdef HAVE_STRCOLL
| 	/* These two values are taken from tests/glob-test. */
|         r1 = strcoll("abd", "aXd");
| #else
| 	r1 = 0;
| #endif
|         r2 = strcmp("abd", "aXd");
| 
| 	/* These two should both be greater than 0.  It is permissible for
| 	   a system to return different values, as long as the sign is the
| 	   same. */
| 
|         /* Exit with 1 (failure) if these two values are both > 0, since
| 	   this tests whether strcoll(3) is broken with respect to strcmp(3)
| 	   in the default locale. */
| 	exit (r1 > 0 && r2 > 0);
| }
| 
configure:4700: result: no
configure:4710: checking whether getpw functions are declared in pwd.h
configure:4740: result: yes
configure:4750: checking whether termios.h defines TIOCGWINSZ
configure:4778: result: no
configure:4782: checking whether sys/ioctl.h defines TIOCGWINSZ
configure:4810: result: yes
configure:4823: checking whether signal handlers are of type void
configure:4853: gcc -c -g -O2  conftest.c >&5
configure:4856: $? = 0
configure:4859: test -s conftest.o
configure:4862: $? = 0
configure:4873: result: yes
configure:4882: checking for TIOCSTAT in sys/ioctl.h
configure:4905: gcc -c -g -O2  conftest.c >&5
configure: In function `main':
configure:4947: `TIOCSTAT' undeclared (first use in this function)
configure:4947: (Each undeclared identifier is reported only once
configure:4947: for each function it appears in.)
configure:4908: $? = 1
configure: failed program was:
| #line 4887 "configure"
| /* confdefs.h.  */
| 
| #define PACKAGE_NAME "readline"
| #define PACKAGE_TARNAME "readline"
| #define PACKAGE_VERSION "4.3"
| #define PACKAGE_STRING "readline 4.3"
| #define PACKAGE_BUGREPORT "bug-readline@gnu.org"
| #define STDC_HEADERS 1
| #define HAVE_SYS_TYPES_H 1
| #define HAVE_SYS_STAT_H 1
| #define HAVE_STDLIB_H 1
| #define HAVE_STRING_H 1
| #define HAVE_MEMORY_H 1
| #define HAVE_STRINGS_H 1
| #define HAVE_INTTYPES_H 1
| #define HAVE_STDINT_H 1
| #define HAVE_UNISTD_H 1
| #define PROTOTYPES 1
| #define __PROTOTYPES 1
| #define RETSIGTYPE void
| #define HAVE_DIRENT_H 1
| #define HAVE_LSTAT 1
| #define HAVE_MEMMOVE 1
| #define HAVE_PUTENV 1
| #define HAVE_SELECT 1
| #define HAVE_SETENV 1
| #define HAVE_SETLOCALE 1
| #define HAVE_STRCASECMP 1
| #define HAVE_STRPBRK 1
| #define HAVE_TCGETATTR 1
| #define HAVE_VSNPRINTF 1
| #define HAVE_ISASCII 1
| #define HAVE_ISXDIGIT 1
| #define HAVE_STRCOLL 1
| #define HAVE_UNISTD_H 1
| #define HAVE_STDLIB_H 1
| #define HAVE_VARARGS_H 1
| #define HAVE_STDARG_H 1
| #define HAVE_STRING_H 1
| #define HAVE_STRINGS_H 1
| #define HAVE_LIMITS_H 1
| #define HAVE_SYS_SELECT_H 1
| #define HAVE_TERMCAP_H 1
| #define HAVE_TERMIOS_H 1
| #define HAVE_TERMIO_H 1
| #define HAVE_SYS_FILE_H 1
| #define HAVE_LOCALE_H 1
| #define HAVE_MEMORY_H 1
| #define HAVE_POSIX_SIGNALS 1
| #define HAVE_POSIX_SIGSETJMP 1
| #define HAVE_LSTAT 1
| #define HAVE_GETPW_DECLS 1
| #define GWINSZ_IN_SYS_IOCTL 1
| #define VOID_SIGHANDLER 1
| /* end confdefs.h.  */
| #include <sys/types.h>
| #include <sys/ioctl.h>
| int
| main ()
| {
| int x = TIOCSTAT;
|   ;
|   return 0;
| }
configure:4926: result: no
configure:4935: checking for FIONREAD in sys/ioctl.h
configure:4958: gcc -c -g -O2  conftest.c >&5
configure:4961: $? = 0
configure:4964: test -s conftest.o
configure:4967: $? = 0
configure:4979: result: yes
configure:4988: checking for speed_t in sys/types.h
configure:5010: gcc -c -g -O2  conftest.c >&5
configure: In function `main':
configure:5053: `speed_t' undeclared (first use in this function)
configure:5053: (Each undeclared identifier is reported only once
configure:5053: for each function it appears in.)
configure:5053: parse error before "x"
configure:5013: $? = 1
configure: failed program was:
| #line 4993 "configure"
| /* confdefs.h.  */
| 
| #define PACKAGE_NAME "readline"
| #define PACKAGE_TARNAME "readline"
| #define PACKAGE_VERSION "4.3"
| #define PACKAGE_STRING "readline 4.3"
| #define PACKAGE_BUGREPORT "bug-readline@gnu.org"
| #define STDC_HEADERS 1
| #define HAVE_SYS_TYPES_H 1
| #define HAVE_SYS_STAT_H 1
| #define HAVE_STDLIB_H 1
| #define HAVE_STRING_H 1
| #define HAVE_MEMORY_H 1
| #define HAVE_STRINGS_H 1
| #define HAVE_INTTYPES_H 1
| #define HAVE_STDINT_H 1
| #define HAVE_UNISTD_H 1
| #define PROTOTYPES 1
| #define __PROTOTYPES 1
| #define RETSIGTYPE void
| #define HAVE_DIRENT_H 1
| #define HAVE_LSTAT 1
| #define HAVE_MEMMOVE 1
| #define HAVE_PUTENV 1
| #define HAVE_SELECT 1
| #define HAVE_SETENV 1
| #define HAVE_SETLOCALE 1
| #define HAVE_STRCASECMP 1
| #define HAVE_STRPBRK 1
| #define HAVE_TCGETATTR 1
| #define HAVE_VSNPRINTF 1
| #define HAVE_ISASCII 1
| #define HAVE_ISXDIGIT 1
| #define HAVE_STRCOLL 1
| #define HAVE_UNISTD_H 1
| #define HAVE_STDLIB_H 1
| #define HAVE_VARARGS_H 1
| #define HAVE_STDARG_H 1
| #define HAVE_STRING_H 1
| #define HAVE_STRINGS_H 1
| #define HAVE_LIMITS_H 1
| #define HAVE_SYS_SELECT_H 1
| #define HAVE_TERMCAP_H 1
| #define HAVE_TERMIOS_H 1
| #define HAVE_TERMIO_H 1
| #define HAVE_SYS_FILE_H 1
| #define HAVE_LOCALE_H 1
| #define HAVE_MEMORY_H 1
| #define HAVE_POSIX_SIGNALS 1
| #define HAVE_POSIX_SIGSETJMP 1
| #define HAVE_LSTAT 1
| #define HAVE_GETPW_DECLS 1
| #define GWINSZ_IN_SYS_IOCTL 1
| #define VOID_SIGHANDLER 1
| #define FIONREAD_IN_SYS_IOCTL 1
| /* end confdefs.h.  */
| #include <sys/types.h>
| int
| main ()
| {
| speed_t x;
|   ;
|   return 0;
| }
configure:5031: result: no
configure:5040: checking for struct winsize in sys/ioctl.h and termios.h
configure:5063: gcc -c -g -O2  conftest.c >&5
configure:5066: $? = 0
configure:5069: test -s conftest.o
configure:5072: $? = 0
configure:5122: result: sys/ioctl.h
configure:5141: checking if struct dirent has a d_ino member
configure:5185: gcc -c -g -O2  conftest.c >&5
configure:5188: $? = 0
configure:5191: test -s conftest.o
configure:5194: $? = 0
configure:5206: result: yes
configure:5216: checking if struct dirent has a d_fileno member
configure:5260: gcc -c -g -O2  conftest.c >&5
configure:5263: $? = 0
configure:5266: test -s conftest.o
configure:5269: $? = 0
configure:5281: result: yes
configure:5305: checking for tgetent in -ltermcap
configure:5336: gcc -o conftest -g -O2   conftest.c -ltermcap   >&5
configure:5339: $? = 0
configure:5342: test -s conftest
configure:5345: $? = 0
configure:5357: result: yes
configure:5545: checking which library has the termcap functions
configure:5548: result: using libtermcap
configure:5591: checking wctype.h usability
configure:5604: gcc -c -g -O2  conftest.c >&5
configure:5607: $? = 0
configure:5610: test -s conftest.o
configure:5613: $? = 0
configure:5623: result: yes
configure:5627: checking wctype.h presence
configure:5638: gcc -E  conftest.c
configure:5644: $? = 0
configure:5663: result: yes
configure:5699: checking for wctype.h
configure:5706: result: yes
configure:5733: checking wchar.h usability
configure:5746: gcc -c -g -O2  conftest.c >&5
configure:5749: $? = 0
configure:5752: test -s conftest.o
configure:5755: $? = 0
configure:5765: result: yes
configure:5769: checking wchar.h presence
configure:5780: gcc -E  conftest.c
configure:5786: $? = 0
configure:5805: result: yes
configure:5841: checking for wchar.h
configure:5848: result: yes
configure:5875: checking langinfo.h usability
configure:5888: gcc -c -g -O2  conftest.c >&5
configure:5891: $? = 0
configure:5894: test -s conftest.o
configure:5897: $? = 0
configure:5907: result: yes
configure:5911: checking langinfo.h presence
configure:5922: gcc -E  conftest.c
configure:5928: $? = 0
configure:5947: result: yes
configure:5983: checking for langinfo.h
configure:5990: result: yes
configure:6004: checking for mbrtowc
configure:6054: gcc -o conftest -g -O2   conftest.c  >&5
configure:6057: $? = 0
configure:6060: test -s conftest
configure:6063: $? = 0
configure:6074: result: yes
configure:6083: checking for mbsrtowcs
configure:6133: gcc -o conftest -g -O2   conftest.c  >&5
configure:6136: $? = 0
configure:6139: test -s conftest
configure:6142: $? = 0
configure:6153: result: yes
configure:6162: checking for wcwidth
configure:6212: gcc -o conftest -g -O2   conftest.c  >&5
configure:6215: $? = 0
configure:6218: test -s conftest
configure:6221: $? = 0
configure:6232: result: yes
configure:6248: checking for mbstate_t
configure:6277: gcc -o conftest -g -O2   conftest.c  >&5
configure:6280: $? = 0
configure:6282: ./conftest
configure:6285: $? = 0
configure:6299: result: yes
configure:6308: checking for nl_langinfo and CODESET
configure:6330: gcc -o conftest -g -O2   conftest.c  >&5
configure:6333: $? = 0
configure:6336: test -s conftest
configure:6339: $? = 0
configure:6350: result: yes
configure:6376: checking configuration for building shared libraries
configure:6391: result: supported
configure:6541: creating ./config.status

## ---------------------- ##
## Running config.status. ##
## ---------------------- ##

This file was extended by readline config.status 4.3, which was
generated by GNU Autoconf 2.57.  Invocation command line was

  CONFIG_FILES    = 
  CONFIG_HEADERS  = 
  CONFIG_LINKS    = 
  CONFIG_COMMANDS = 
  $ ./config.status 

on linux

config.status:665: creating Makefile
config.status:665: creating doc/Makefile
config.status:665: creating examples/Makefile
config.status:665: creating shlib/Makefile
config.status:769: creating config.h
config.status:1086: executing default commands

## ---------------- ##
## Cache variables. ##
## ---------------- ##

ac_cv_build=i686-pc-linux-gnu
ac_cv_build_alias=i686-pc-linux-gnu
ac_cv_c_char_unsigned=no
ac_cv_c_compiler_gnu=yes
ac_cv_c_const=yes
ac_cv_env_CC_set=set
ac_cv_env_CC_value=gcc
ac_cv_env_CFLAGS_set=set
ac_cv_env_CFLAGS_value='-g -O2'
ac_cv_env_CPPFLAGS_set=
ac_cv_env_CPPFLAGS_value=
ac_cv_env_CPP_set=
ac_cv_env_CPP_value=
ac_cv_env_LDFLAGS_set=
ac_cv_env_LDFLAGS_value=
ac_cv_env_build_alias_set=set
ac_cv_env_build_alias_value=i686-pc-linux-gnu
ac_cv_env_host_alias_set=set
ac_cv_env_host_alias_value=i686-pc-linux-gnu
ac_cv_env_target_alias_set=set
ac_cv_env_target_alias_value=bfin-elf
ac_cv_exeext=
ac_cv_func_isascii=yes
ac_cv_func_isxdigit=yes
ac_cv_func_lstat=yes
ac_cv_func_mbrtowc=yes
ac_cv_func_mbsrtowcs=yes
ac_cv_func_memmove=yes
ac_cv_func_putenv=yes
ac_cv_func_select=yes
ac_cv_func_setenv=yes
ac_cv_func_setlocale=yes
ac_cv_func_strcasecmp=yes
ac_cv_func_strcoll_works=yes
ac_cv_func_strpbrk=yes
ac_cv_func_tcgetattr=yes
ac_cv_func_vsnprintf=yes
ac_cv_func_wcwidth=yes
ac_cv_header_dirent_dirent_h=yes
ac_cv_header_inttypes_h=yes
ac_cv_header_langinfo_h=yes
ac_cv_header_limits_h=yes
ac_cv_header_locale_h=yes
ac_cv_header_memory_h=yes
ac_cv_header_minix_config_h=no
ac_cv_header_stat_broken=no
ac_cv_header_stdarg_h=yes
ac_cv_header_stdc=yes
ac_cv_header_stdint_h=yes
ac_cv_header_stdlib_h=yes
ac_cv_header_string_h=yes
ac_cv_header_strings_h=yes
ac_cv_header_sys_file_h=yes
ac_cv_header_sys_pte_h=no
ac_cv_header_sys_ptem_h=no
ac_cv_header_sys_select_h=yes
ac_cv_header_sys_stat_h=yes
ac_cv_header_sys_stream_h=no
ac_cv_header_sys_types_h=yes
ac_cv_header_termcap_h=yes
ac_cv_header_termio_h=yes
ac_cv_header_termios_h=yes
ac_cv_header_unistd_h=yes
ac_cv_header_varargs_h=yes
ac_cv_header_wchar_h=yes
ac_cv_header_wctype_h=yes
ac_cv_host=i686-pc-linux-gnu
ac_cv_host_alias=i686-pc-linux-gnu
ac_cv_lib_termcap_tgetent=yes
ac_cv_objext=o
ac_cv_path_install='/usr/bin/install -c'
ac_cv_prog_AR=ar
ac_cv_prog_CC=gcc
ac_cv_prog_CPP='gcc -E'
ac_cv_prog_RANLIB=ranlib
ac_cv_prog_cc_g=yes
ac_cv_prog_cc_stdc=
ac_cv_prog_egrep='grep -E'
ac_cv_prog_gcc_traditional=no
ac_cv_prog_make_make_set=yes
ac_cv_prog_ncn_cv_AR=ar
ac_cv_prog_ncn_cv_AS=as
ac_cv_prog_ncn_cv_DLLTOOL=dlltool
ac_cv_prog_ncn_cv_LD=ld
ac_cv_prog_ncn_cv_NM=nm
ac_cv_prog_ncn_cv_OBJCOPY=objcopy
ac_cv_prog_ncn_cv_OBJDUMP=objdump
ac_cv_prog_ncn_cv_RANLIB=ranlib
ac_cv_prog_ncn_cv_WINDRES=windres
ac_cv_search_opendir='none required'
ac_cv_sys_tiocgwinsz_in_sys_ioctl_h=yes
ac_cv_sys_tiocgwinsz_in_termios_h=no
ac_cv_type_signal=void
ac_cv_type_size_t=yes
ac_cv_type_ssize_t=yes
bash_cv_dirent_has_d_fileno=yes
bash_cv_dirent_has_dino=yes
bash_cv_fionread_in_ioctl=yes
bash_cv_func_lstat=yes
bash_cv_func_sigsetjmp=present
bash_cv_func_strcoll_broken=no
bash_cv_getpw_declared=yes
bash_cv_have_mbstate_t=yes
bash_cv_langinfo_codeset=yes
bash_cv_must_reinstall_sighandlers=no
bash_cv_signal_vintage=posix
bash_cv_speed_t_in_sys_types=no
bash_cv_struct_winsize_header=ioctl_h
bash_cv_termcap_lib=libtermcap
bash_cv_tiocstat_in_ioctl=no
bash_cv_void_sighandler=yes
ncn_cv_AR=ar
ncn_cv_AS=as
ncn_cv_DLLTOOL=dlltool
ncn_cv_LD=ld
ncn_cv_NM=nm
ncn_cv_OBJCOPY=objcopy
ncn_cv_OBJDUMP=objdump
ncn_cv_RANLIB=ranlib
ncn_cv_WINDRES=windres

## ----------------- ##
## Output variables. ##
## ----------------- ##

AR='ar'
ARFLAGS='cr'
BUILD_DIR='/home2/raja/downloads/srinivas/pcs/gdb/readline'
CC='gcc'
CC_FOR_BUILD='gcc'
CFLAGS='-g -O2'
CPP='gcc -E'
CPPFLAGS=''
CROSS_COMPILING_FLAG=''
DEFS='-DHAVE_CONFIG_H'
ECHO_C=''
ECHO_N='-n'
ECHO_T=''
EGREP='grep -E'
EXEEXT=''
INSTALL_DATA='${INSTALL} -m 644'
INSTALL_PROGRAM='${INSTALL}'
INSTALL_SCRIPT='${INSTALL}'
LDFLAGS=''
LIBOBJS=''
LIBS=''
LIBVERSION='4.3'
LOCAL_CFLAGS=''
LOCAL_DEFS=''
LOCAL_LDFLAGS=''
LTLIBOBJS=''
MAKE_SHELL='/bin/sh'
OBJEXT='o'
PACKAGE_BUGREPORT='bug-readline@gnu.org'
PACKAGE_NAME='readline'
PACKAGE_STRING='readline 4.3'
PACKAGE_TARNAME='readline'
PACKAGE_VERSION='4.3'
PATH_SEPARATOR=':'
RANLIB='ranlib'
SET_MAKE=''
SHARED_INSTALL_TARGET=''
SHARED_TARGET=''
SHELL='/bin/sh'
SHLIB_LIBS=''
SHLIB_LIBSUFF='so'
SHLIB_LIBVERSION='$(SHLIB_LIBSUFF).$(SHLIB_MAJOR)$(SHLIB_MINOR)'
SHLIB_MAJOR='4'
SHLIB_MINOR='3'
SHLIB_STATUS='supported'
SHLIB_XLDFLAGS='-Wl,-rpath,$(libdir) -Wl,-soname,`basename $@ $(SHLIB_MINOR)`'
SHOBJ_CC='gcc'
SHOBJ_CFLAGS='-fPIC'
SHOBJ_LD='${CC}'
SHOBJ_LDFLAGS='-shared -Wl,-soname,$@'
SHOBJ_LIBS=''
SHOBJ_STATUS='supported'
SHOBJ_XLDFLAGS=''
STATIC_INSTALL_TARGET='install-static'
STATIC_TARGET='static'
TERMCAP_LIB='-ltermcap'
WCWIDTH_OBJ=''
ac_ct_CC=''
ac_ct_RANLIB=''
bindir='${exec_prefix}/bin'
build='i686-pc-linux-gnu'
build_alias='i686-pc-linux-gnu'
build_cpu='i686'
build_os='linux-gnu'
build_vendor='pc'
datadir='${prefix}/share'
exec_prefix='/home2/raja/bfin-elf/output1'
host='i686-pc-linux-gnu'
host_alias='i686-pc-linux-gnu'
host_cpu='i686'
host_os='linux-gnu'
host_vendor='pc'
includedir='${prefix}/include'
infodir='${prefix}/info'
libdir='${exec_prefix}/lib'
libexecdir='${exec_prefix}/libexec'
localstatedir='${prefix}/var'
mandir='${prefix}/man'
oldincludedir='/usr/include'
prefix='/home2/raja/bfin-elf/output1'
program_transform_name='s,x,x,'
sbindir='${exec_prefix}/sbin'
sharedstatedir='${prefix}/com'
sysconfdir='${prefix}/etc'
target_alias='bfin-elf'

## ----------- ##
## confdefs.h. ##
## ----------- ##

#define FIONREAD_IN_SYS_IOCTL 1
#define GWINSZ_IN_SYS_IOCTL 1
#define HAVE_DIRENT_H 1
#define HAVE_GETPW_DECLS 1
#define HAVE_INTTYPES_H 1
#define HAVE_ISASCII 1
#define HAVE_ISXDIGIT 1
#define HAVE_LANGINFO_CODESET 1
#define HAVE_LANGINFO_H 1
#define HAVE_LIMITS_H 1
#define HAVE_LOCALE_H 1
#define HAVE_LSTAT 1
#define HAVE_LSTAT 1
#define HAVE_MBRTOWC 1
#define HAVE_MBSRTOWCS 1
#define HAVE_MBSTATE_T 1
#define HAVE_MEMMOVE 1
#define HAVE_MEMORY_H 1
#define HAVE_MEMORY_H 1
#define HAVE_POSIX_SIGNALS 1
#define HAVE_POSIX_SIGSETJMP 1
#define HAVE_PUTENV 1
#define HAVE_SELECT 1
#define HAVE_SETENV 1
#define HAVE_SETLOCALE 1
#define HAVE_STDARG_H 1
#define HAVE_STDINT_H 1
#define HAVE_STDLIB_H 1
#define HAVE_STDLIB_H 1
#define HAVE_STRCASECMP 1
#define HAVE_STRCOLL 1
#define HAVE_STRINGS_H 1
#define HAVE_STRINGS_H 1
#define HAVE_STRING_H 1
#define HAVE_STRING_H 1
#define HAVE_STRPBRK 1
#define HAVE_SYS_FILE_H 1
#define HAVE_SYS_SELECT_H 1
#define HAVE_SYS_STAT_H 1
#define HAVE_SYS_TYPES_H 1
#define HAVE_TCGETATTR 1
#define HAVE_TERMCAP_H 1
#define HAVE_TERMIOS_H 1
#define HAVE_TERMIO_H 1
#define HAVE_UNISTD_H 1
#define HAVE_UNISTD_H 1
#define HAVE_VARARGS_H 1
#define HAVE_VSNPRINTF 1
#define HAVE_WCHAR_H 1
#define HAVE_WCTYPE_H 1
#define HAVE_WCWIDTH 1
#define PACKAGE_BUGREPORT "bug-readline@gnu.org"
#define PACKAGE_NAME "readline"
#define PACKAGE_STRING "readline 4.3"
#define PACKAGE_TARNAME "readline"
#define PACKAGE_VERSION "4.3"
#define PROTOTYPES 1
#define RETSIGTYPE void
#define STDC_HEADERS 1
#define STRUCT_DIRENT_HAS_D_FILENO 1
#define STRUCT_DIRENT_HAS_D_INO 1
#define STRUCT_WINSIZE_IN_SYS_IOCTL 1
#define VOID_SIGHANDLER 1
#define __PROTOTYPES 1

configure: exit 0
