This file contains any messages produced by compilers while
running configure, to aid debugging if configure makes a mistake.

configure:610: checking whether to enable maintainer-specific portions of Makefiles
configure:635: checking for makeinfo
configure:681: checking for perl
configure:721: checking host system type
configure:744: checking build system type
configure:770: checking for ar
configure:802: checking for ranlib
configure:871: checking for gcc
configure:950: checking whether we are using GNU C
configure:959: gcc -E conftest.c
configure:975: checking whether gcc accepts -g
configure:1007: checking whether gcc and cc understand -c and -o together
configure:1022: gcc -c conftest.c -o conftest.o 1>&5
configure:1023: gcc -c conftest.c -o conftest.o 1>&5
configure:1028: cc -c conftest.c 1>&5
configure:1030: cc -c conftest.c -o conftest.o 1>&5
configure:1031: cc -c conftest.c -o conftest.o 1>&5
configure:1067: checking for POSIXized ISC
configure:1088: checking for working const
configure:1142: gcc -c -g -O2  conftest.c 1>&5
configure:1163: checking for inline
configure:1177: gcc -c -g -O2  conftest.c 1>&5
configure:1203: checking whether byte ordering is bigendian
configure:1221: gcc -c -g -O2  conftest.c 1>&5
configure:1236: gcc -c -g -O2  conftest.c 1>&5
configure: In function `main':
configure:1231: `not' undeclared (first use in this function)
configure:1231: (Each undeclared identifier is reported only once
configure:1231: for each function it appears in.)
configure:1231: parse error before "big"
configure: failed program was:
#line 1225 "configure"
#include "confdefs.h"
#include <sys/types.h>
#include <sys/param.h>
int main() {

#if BYTE_ORDER != BIG_ENDIAN
 not big endian
#endif
; return 0; }
configure:1356: checking for a BSD compatible install
configure:1417: checking how to run the C preprocessor
configure:1438: gcc -E  conftest.c >/dev/null 2>conftest.out
configure:1500: checking for sys/file.h
configure:1510: gcc -E  conftest.c >/dev/null 2>conftest.out
configure:1500: checking for sys/param.h
configure:1510: gcc -E  conftest.c >/dev/null 2>conftest.out
configure:1500: checking for limits.h
configure:1510: gcc -E  conftest.c >/dev/null 2>conftest.out
configure:1500: checking for stdlib.h
configure:1510: gcc -E  conftest.c >/dev/null 2>conftest.out
configure:1500: checking for malloc.h
configure:1510: gcc -E  conftest.c >/dev/null 2>conftest.out
configure:1500: checking for string.h
configure:1510: gcc -E  conftest.c >/dev/null 2>conftest.out
configure:1500: checking for unistd.h
configure:1510: gcc -E  conftest.c >/dev/null 2>conftest.out
configure:1500: checking for strings.h
configure:1510: gcc -E  conftest.c >/dev/null 2>conftest.out
configure:1500: checking for sys/time.h
configure:1510: gcc -E  conftest.c >/dev/null 2>conftest.out
configure:1500: checking for time.h
configure:1510: gcc -E  conftest.c >/dev/null 2>conftest.out
configure:1500: checking for sys/resource.h
configure:1510: gcc -E  conftest.c >/dev/null 2>conftest.out
configure:1500: checking for sys/stat.h
configure:1510: gcc -E  conftest.c >/dev/null 2>conftest.out
configure:1500: checking for sys/mman.h
configure:1510: gcc -E  conftest.c >/dev/null 2>conftest.out
configure:1500: checking for fcntl.h
configure:1510: gcc -E  conftest.c >/dev/null 2>conftest.out
configure:1500: checking for alloca.h
configure:1510: gcc -E  conftest.c >/dev/null 2>conftest.out
configure:1500: checking for sys/pstat.h
configure:1510: gcc -E  conftest.c >/dev/null 2>conftest.out
configure:1506:23: sys/pstat.h: No such file or directory
configure: failed program was:
#line 1505 "configure"
#include "confdefs.h"
#include <sys/pstat.h>
configure:1500: checking for sys/sysmp.h
configure:1510: gcc -E  conftest.c >/dev/null 2>conftest.out
configure:1506:23: sys/sysmp.h: No such file or directory
configure: failed program was:
#line 1505 "configure"
#include "confdefs.h"
#include <sys/sysmp.h>
configure:1500: checking for sys/sysinfo.h
configure:1510: gcc -E  conftest.c >/dev/null 2>conftest.out
configure:1500: checking for machine/hal_sysinfo.h
configure:1510: gcc -E  conftest.c >/dev/null 2>conftest.out
configure:1506:33: machine/hal_sysinfo.h: No such file or directory
configure: failed program was:
#line 1505 "configure"
#include "confdefs.h"
#include <machine/hal_sysinfo.h>
configure:1500: checking for sys/table.h
configure:1510: gcc -E  conftest.c >/dev/null 2>conftest.out
configure:1506:23: sys/table.h: No such file or directory
configure: failed program was:
#line 1505 "configure"
#include "confdefs.h"
#include <sys/table.h>
configure:1500: checking for sys/sysctl.h
configure:1510: gcc -E  conftest.c >/dev/null 2>conftest.out
configure:1500: checking for sys/systemcfg.h
configure:1510: gcc -E  conftest.c >/dev/null 2>conftest.out
configure:1506:27: sys/systemcfg.h: No such file or directory
configure: failed program was:
#line 1505 "configure"
#include "confdefs.h"
#include <sys/systemcfg.h>
configure:1537: checking for sys/wait.h that is POSIX.1 compatible
configure:1558: gcc -c -g -O2  conftest.c 1>&5
configure:1579: checking whether time.h and sys/time.h may both be included
configure:1593: gcc -c -g -O2  conftest.c 1>&5
configure:1615: checking whether errno must be declared
configure:1627: gcc -c -g -O2  conftest.c 1>&5
configure:1649: checking for ANSI C header files
configure:1662: gcc -E  conftest.c >/dev/null 2>conftest.out
configure:1729: gcc -o conftest -g -O2   conftest.c  1>&5
configure:1753: checking for uintptr_t
configure:1794: checking for pid_t
configure:2157: checking whether the C compiler (gcc -g -O2 ) works
configure:2173: gcc -o conftest -g -O2   conftest.c  1>&5
configure:2199: checking whether the C compiler (gcc -g -O2 ) is a cross-compiler
configure:2206: checking for asprintf
configure:2234: gcc -o conftest -g -O2   conftest.c  1>&5
configure:2206: checking for atexit
configure:2234: gcc -o conftest -g -O2   conftest.c  1>&5
configure:2206: checking for basename
configure:2234: gcc -o conftest -g -O2   conftest.c  1>&5
configure:2206: checking for bcmp
configure:2234: gcc -o conftest -g -O2   conftest.c  1>&5
configure:2218: warning: conflicting types for built-in function `bcmp'
configure:2206: checking for bcopy
configure:2234: gcc -o conftest -g -O2   conftest.c  1>&5
configure:2206: checking for bsearch
configure:2234: gcc -o conftest -g -O2   conftest.c  1>&5
configure:2206: checking for bzero
configure:2234: gcc -o conftest -g -O2   conftest.c  1>&5
configure:2218: warning: conflicting types for built-in function `bzero'
configure:2206: checking for calloc
configure:2234: gcc -o conftest -g -O2   conftest.c  1>&5
configure:2206: checking for clock
configure:2234: gcc -o conftest -g -O2   conftest.c  1>&5
configure:2206: checking for ffs
configure:2234: gcc -o conftest -g -O2   conftest.c  1>&5
configure:2218: warning: conflicting types for built-in function `ffs'
configure:2206: checking for getcwd
configure:2234: gcc -o conftest -g -O2   conftest.c  1>&5
configure:2206: checking for getpagesize
configure:2234: gcc -o conftest -g -O2   conftest.c  1>&5
configure:2206: checking for index
configure:2234: gcc -o conftest -g -O2   conftest.c  1>&5
configure:2218: warning: conflicting types for built-in function `index'
configure:2206: checking for insque
configure:2234: gcc -o conftest -g -O2   conftest.c  1>&5
configure:2206: checking for memchr
configure:2234: gcc -o conftest -g -O2   conftest.c  1>&5
configure:2206: checking for memcmp
configure:2234: gcc -o conftest -g -O2   conftest.c  1>&5
configure:2218: warning: conflicting types for built-in function `memcmp'
configure:2206: checking for memcpy
configure:2234: gcc -o conftest -g -O2   conftest.c  1>&5
configure:2218: warning: conflicting types for built-in function `memcpy'
configure:2206: checking for memmove
configure:2234: gcc -o conftest -g -O2   conftest.c  1>&5
configure:2206: checking for mempcpy
configure:2234: gcc -o conftest -g -O2   conftest.c  1>&5
configure:2206: checking for memset
configure:2234: gcc -o conftest -g -O2   conftest.c  1>&5
configure:2218: warning: conflicting types for built-in function `memset'
configure:2206: checking for mkstemps
configure:2234: gcc -o conftest -g -O2   conftest.c  1>&5
/tmp/cckyFqKG.o(.text+0xa): In function `main':
/home2/raja/downloads/srinivas/pcs/gdb/libiberty/configure:2228: undefined reference to `mkstemps'
collect2: ld returned 1 exit status
configure: failed program was:
#line 2211 "configure"
#include "confdefs.h"
/* System header to define __stub macros and hopefully few prototypes,
    which can conflict with char mkstemps(); below.  */
#include <assert.h>
/* Override any gcc2 internal prototype to avoid an error.  */
/* We use char because int might match the return type of a gcc2
    builtin and then its argument prototype would still apply.  */
char mkstemps();

int main() {

/* The GNU C library defines this for functions which it implements
    to always fail with ENOSYS.  Some functions are actually named
    something starting with __ and the normal name is an alias.  */
#if defined (__stub_mkstemps) || defined (__stub___mkstemps)
choke me
#else
mkstemps();
#endif

; return 0; }
configure:2206: checking for putenv
configure:2234: gcc -o conftest -g -O2   conftest.c  1>&5
configure:2206: checking for random
configure:2234: gcc -o conftest -g -O2   conftest.c  1>&5
configure:2206: checking for rename
configure:2234: gcc -o conftest -g -O2   conftest.c  1>&5
configure:2206: checking for rindex
configure:2234: gcc -o conftest -g -O2   conftest.c  1>&5
configure:2218: warning: conflicting types for built-in function `rindex'
configure:2206: checking for setenv
configure:2234: gcc -o conftest -g -O2   conftest.c  1>&5
configure:2206: checking for snprintf
configure:2234: gcc -o conftest -g -O2   conftest.c  1>&5
configure:2206: checking for sigsetmask
configure:2234: gcc -o conftest -g -O2   conftest.c  1>&5
configure:2206: checking for stpcpy
configure:2234: gcc -o conftest -g -O2   conftest.c  1>&5
configure:2206: checking for stpncpy
configure:2234: gcc -o conftest -g -O2   conftest.c  1>&5
configure:2206: checking for strcasecmp
configure:2234: gcc -o conftest -g -O2   conftest.c  1>&5
configure:2206: checking for strchr
configure:2234: gcc -o conftest -g -O2   conftest.c  1>&5
configure:2218: warning: conflicting types for built-in function `strchr'
configure:2206: checking for strdup
configure:2234: gcc -o conftest -g -O2   conftest.c  1>&5
configure:2206: checking for strncasecmp
configure:2234: gcc -o conftest -g -O2   conftest.c  1>&5
configure:2206: checking for strrchr
configure:2234: gcc -o conftest -g -O2   conftest.c  1>&5
configure:2218: warning: conflicting types for built-in function `strrchr'
configure:2206: checking for strstr
configure:2234: gcc -o conftest -g -O2   conftest.c  1>&5
configure:2218: warning: conflicting types for built-in function `strstr'
configure:2206: checking for strtod
configure:2234: gcc -o conftest -g -O2   conftest.c  1>&5
configure:2206: checking for strtol
configure:2234: gcc -o conftest -g -O2   conftest.c  1>&5
configure:2206: checking for strtoul
configure:2234: gcc -o conftest -g -O2   conftest.c  1>&5
configure:2206: checking for tmpnam
configure:2234: gcc -o conftest -g -O2   conftest.c  1>&5
/tmp/ccnhVTto.o(.text+0xa): In function `main':
/home2/raja/downloads/srinivas/pcs/gdb/libiberty/configure:2228: the use of `tmpnam' is dangerous, better use `mkstemp'
configure:2206: checking for vasprintf
configure:2234: gcc -o conftest -g -O2   conftest.c  1>&5
configure:2206: checking for vfprintf
configure:2234: gcc -o conftest -g -O2   conftest.c  1>&5
configure:2206: checking for vprintf
configure:2234: gcc -o conftest -g -O2   conftest.c  1>&5
configure:2206: checking for vsnprintf
configure:2234: gcc -o conftest -g -O2   conftest.c  1>&5
configure:2206: checking for vsprintf
configure:2234: gcc -o conftest -g -O2   conftest.c  1>&5
configure:2206: checking for waitpid
configure:2234: gcc -o conftest -g -O2   conftest.c  1>&5
configure:2261: checking whether alloca needs Cray hooks
configure:2345: checking stack direction for C alloca
configure:2372: gcc -o conftest -g -O2   conftest.c  1>&5
configure: failed program was:
#line 2353 "configure"
#include "confdefs.h"
find_stack_direction ()
{
  static char *addr = 0;
  auto char dummy;
  if (addr == 0)
    {
      addr = &dummy;
      return find_stack_direction ();
    }
  else
    return (&dummy > addr) ? 1 : -1;
}
main ()
{
  exit (find_stack_direction() < 0);
}
configure:2394: checking for vfork.h
configure:2404: gcc -E  conftest.c >/dev/null 2>conftest.out
configure:2400:19: vfork.h: No such file or directory
configure: failed program was:
#line 2399 "configure"
#include "confdefs.h"
#include <vfork.h>
configure:2429: checking for working vfork
configure:2580: gcc -o conftest -g -O2   conftest.c  1>&5
configure:2670: checking for _doprnt
configure:2698: gcc -o conftest -g -O2   conftest.c  1>&5
/tmp/cc0uEIzP.o(.text+0xa): In function `main':
/home2/raja/downloads/srinivas/pcs/gdb/libiberty/configure:2692: undefined reference to `_doprnt'
collect2: ld returned 1 exit status
configure: failed program was:
#line 2675 "configure"
#include "confdefs.h"
/* System header to define __stub macros and hopefully few prototypes,
    which can conflict with char _doprnt(); below.  */
#include <assert.h>
/* Override any gcc2 internal prototype to avoid an error.  */
/* We use char because int might match the return type of a gcc2
    builtin and then its argument prototype would still apply.  */
char _doprnt();

int main() {

/* The GNU C library defines this for functions which it implements
    to always fail with ENOSYS.  Some functions are actually named
    something starting with __ and the normal name is an alias.  */
#if defined (__stub__doprnt) || defined (__stub____doprnt)
choke me
#else
_doprnt();
#endif

; return 0; }
configure:2726: checking for sys_errlist
configure:2738: gcc -o conftest -g -O2   conftest.c  1>&5
/tmp/ccYHsJuk.o(.text+0xf): In function `main':
/home2/raja/downloads/srinivas/pcs/gdb/libiberty/configure:2734: `sys_errlist' is deprecated; use `strerror' or `strerror_r' instead
configure:2726: checking for sys_nerr
configure:2738: gcc -o conftest -g -O2   conftest.c  1>&5
/tmp/ccgMMlaY.o(.text+0xf): In function `main':
/home2/raja/downloads/srinivas/pcs/gdb/libiberty/configure:2734: `sys_nerr' is deprecated; use `strerror' or `strerror_r' instead
configure:2726: checking for sys_siglist
configure:2738: gcc -o conftest -g -O2   conftest.c  1>&5
configure:2765: checking for external symbol _system_configuration
configure:2774: gcc -c -g -O2  conftest.c 1>&5
configure:2768:27: sys/systemcfg.h: No such file or directory
configure: In function `main':
configure:2770: `_system_configuration' undeclared (first use in this function)
configure:2770: (Each undeclared identifier is reported only once
configure:2770: for each function it appears in.)
configure: failed program was:
#line 2767 "configure"
#include "confdefs.h"
#include <sys/systemcfg.h>
int main() {
double x = _system_configuration.physmem;
; return 0; }
configure:2792: checking for getrusage
configure:2820: gcc -o conftest -g -O2   conftest.c  1>&5
configure:2792: checking for on_exit
configure:2820: gcc -o conftest -g -O2   conftest.c  1>&5
configure:2792: checking for psignal
configure:2820: gcc -o conftest -g -O2   conftest.c  1>&5
configure:2792: checking for strerror
configure:2820: gcc -o conftest -g -O2   conftest.c  1>&5
configure:2792: checking for strsignal
configure:2820: gcc -o conftest -g -O2   conftest.c  1>&5
configure:2792: checking for sysconf
configure:2820: gcc -o conftest -g -O2   conftest.c  1>&5
configure:2792: checking for times
configure:2820: gcc -o conftest -g -O2   conftest.c  1>&5
configure:2792: checking for sbrk
configure:2820: gcc -o conftest -g -O2   conftest.c  1>&5
configure:2792: checking for gettimeofday
configure:2820: gcc -o conftest -g -O2   conftest.c  1>&5
configure:2792: checking for realpath
configure:2820: gcc -o conftest -g -O2   conftest.c  1>&5
configure:2792: checking for canonicalize_file_name
configure:2820: gcc -o conftest -g -O2   conftest.c  1>&5
configure:2792: checking for pstat_getstatic
configure:2820: gcc -o conftest -g -O2   conftest.c  1>&5
/tmp/ccoopGAJ.o(.text+0xa): In function `main':
/home2/raja/downloads/srinivas/pcs/gdb/libiberty/configure:2814: undefined reference to `pstat_getstatic'
collect2: ld returned 1 exit status
configure: failed program was:
#line 2797 "configure"
#include "confdefs.h"
/* System header to define __stub macros and hopefully few prototypes,
    which can conflict with char pstat_getstatic(); below.  */
#include <assert.h>
/* Override any gcc2 internal prototype to avoid an error.  */
/* We use char because int might match the return type of a gcc2
    builtin and then its argument prototype would still apply.  */
char pstat_getstatic();

int main() {

/* The GNU C library defines this for functions which it implements
    to always fail with ENOSYS.  Some functions are actually named
    something starting with __ and the normal name is an alias.  */
#if defined (__stub_pstat_getstatic) || defined (__stub___pstat_getstatic)
choke me
#else
pstat_getstatic();
#endif

; return 0; }
configure:2792: checking for pstat_getdynamic
configure:2820: gcc -o conftest -g -O2   conftest.c  1>&5
/tmp/cciG6h0B.o(.text+0xa): In function `main':
/home2/raja/downloads/srinivas/pcs/gdb/libiberty/configure:2814: undefined reference to `pstat_getdynamic'
collect2: ld returned 1 exit status
configure: failed program was:
#line 2797 "configure"
#include "confdefs.h"
/* System header to define __stub macros and hopefully few prototypes,
    which can conflict with char pstat_getdynamic(); below.  */
#include <assert.h>
/* Override any gcc2 internal prototype to avoid an error.  */
/* We use char because int might match the return type of a gcc2
    builtin and then its argument prototype would still apply.  */
char pstat_getdynamic();

int main() {

/* The GNU C library defines this for functions which it implements
    to always fail with ENOSYS.  Some functions are actually named
    something starting with __ and the normal name is an alias.  */
#if defined (__stub_pstat_getdynamic) || defined (__stub___pstat_getdynamic)
choke me
#else
pstat_getdynamic();
#endif

; return 0; }
configure:2792: checking for sysmp
configure:2820: gcc -o conftest -g -O2   conftest.c  1>&5
/tmp/cc2PABem.o(.text+0xa): In function `main':
/home2/raja/downloads/srinivas/pcs/gdb/libiberty/configure:2814: undefined reference to `sysmp'
collect2: ld returned 1 exit status
configure: failed program was:
#line 2797 "configure"
#include "confdefs.h"
/* System header to define __stub macros and hopefully few prototypes,
    which can conflict with char sysmp(); below.  */
#include <assert.h>
/* Override any gcc2 internal prototype to avoid an error.  */
/* We use char because int might match the return type of a gcc2
    builtin and then its argument prototype would still apply.  */
char sysmp();

int main() {

/* The GNU C library defines this for functions which it implements
    to always fail with ENOSYS.  Some functions are actually named
    something starting with __ and the normal name is an alias.  */
#if defined (__stub_sysmp) || defined (__stub___sysmp)
choke me
#else
sysmp();
#endif

; return 0; }
configure:2792: checking for getsysinfo
configure:2820: gcc -o conftest -g -O2   conftest.c  1>&5
/tmp/ccSfE2bU.o(.text+0xa): In function `main':
/home2/raja/downloads/srinivas/pcs/gdb/libiberty/configure:2814: undefined reference to `getsysinfo'
collect2: ld returned 1 exit status
configure: failed program was:
#line 2797 "configure"
#include "confdefs.h"
/* System header to define __stub macros and hopefully few prototypes,
    which can conflict with char getsysinfo(); below.  */
#include <assert.h>
/* Override any gcc2 internal prototype to avoid an error.  */
/* We use char because int might match the return type of a gcc2
    builtin and then its argument prototype would still apply.  */
char getsysinfo();

int main() {

/* The GNU C library defines this for functions which it implements
    to always fail with ENOSYS.  Some functions are actually named
    something starting with __ and the normal name is an alias.  */
#if defined (__stub_getsysinfo) || defined (__stub___getsysinfo)
choke me
#else
getsysinfo();
#endif

; return 0; }
configure:2792: checking for table
configure:2820: gcc -o conftest -g -O2   conftest.c  1>&5
/tmp/ccGjZxxz.o(.text+0xa): In function `main':
/home2/raja/downloads/srinivas/pcs/gdb/libiberty/configure:2814: undefined reference to `table'
collect2: ld returned 1 exit status
configure: failed program was:
#line 2797 "configure"
#include "confdefs.h"
/* System header to define __stub macros and hopefully few prototypes,
    which can conflict with char table(); below.  */
#include <assert.h>
/* Override any gcc2 internal prototype to avoid an error.  */
/* We use char because int might match the return type of a gcc2
    builtin and then its argument prototype would still apply.  */
char table();

int main() {

/* The GNU C library defines this for functions which it implements
    to always fail with ENOSYS.  Some functions are actually named
    something starting with __ and the normal name is an alias.  */
#if defined (__stub_table) || defined (__stub___table)
choke me
#else
table();
#endif

; return 0; }
configure:2792: checking for sysctl
configure:2820: gcc -o conftest -g -O2   conftest.c  1>&5
configure:2845: checking whether canonicalize_file_name must be declared
configure:2872: gcc -c -g -O2  conftest.c 1>&5
configure: In function `main':
configure:2869: `canonicalize_file_name' undeclared (first use in this function)
configure:2869: (Each undeclared identifier is reported only once
configure:2869: for each function it appears in.)
configure: failed program was:
#line 2850 "configure"
#include "confdefs.h"

#include "confdefs.h"
#include <stdio.h>
#ifdef HAVE_STRING_H
#include <string.h>
#else
#ifdef HAVE_STRINGS_H
#include <strings.h>
#endif
#endif
#ifdef HAVE_STDLIB_H
#include <stdlib.h>
#endif
#ifdef HAVE_UNISTD_H
#include <unistd.h>
#endif
int main() {
char *(*pfn) = (char *(*)) canonicalize_file_name
; return 0; }
configure:2908: checking for stdlib.h
configure:2908: checking for unistd.h
configure:2908: checking for sys/stat.h
configure:2908: checking for sys/types.h
configure:2918: gcc -E  conftest.c >/dev/null 2>conftest.out
configure:2947: checking for getpagesize
configure:3000: checking for working mmap
configure:3161: gcc -o conftest -g -O2   conftest.c  1>&5
configure:3185: checking for working strncmp
configure:3257: gcc -o conftest -g -O2   conftest.c  1>&5
