This file contains any messages produced by compilers while
running configure, to aid debugging if configure makes a mistake.

configure:610: checking whether to enable maintainer-specific portions of Makefiles
configure:635: checking for makeinfo
configure:681: checking for perl
configure:721: checking host system type
configure:744: checking build system type
configure:770: checking for ar
configure:802: checking for ranlib
configure:871: checking for gcc
configure:950: checking whether we are using GNU C
configure:959: gcc -E conftest.c
configure:975: checking whether gcc accepts -g
configure:1007: checking whether gcc and cc understand -c and -o together
configure:1022: gcc -c conftest.c -o conftest.o 1>&5
configure:1023: gcc -c conftest.c -o conftest.o 1>&5
configure:1028: cc -c conftest.c 1>&5
configure:1067: checking for POSIXized ISC
configure:1088: checking for working const
configure:1142: gcc -c -g -O2  conftest.c 1>&5
configure:1163: checking for inline
configure:1177: gcc -c -g -O2  conftest.c 1>&5
configure:1203: checking whether byte ordering is bigendian
configure:1221: gcc -c -g -O2  conftest.c 1>&5
configure:1236: gcc -c -g -O2  conftest.c 1>&5
configure: In function `main':
configure:1231: `not' undeclared (first use in this function)
configure:1231: (Each undeclared identifier is reported only once
configure:1231: for each function it appears in.)
configure:1231: parse error before "big"
configure: failed program was:
#line 1225 "configure"
#include "confdefs.h"
#include <sys/types.h>
#include <sys/param.h>
int main() {

#if BYTE_ORDER != BIG_ENDIAN
 not big endian
#endif
; return 0; }
configure:1356: checking for a BSD compatible install
configure:1417: checking how to run the C preprocessor
configure:1438: gcc -E  conftest.c >/dev/null 2>conftest.out
configure:1500: checking for sys/file.h
configure:1510: gcc -E  conftest.c >/dev/null 2>conftest.out
configure:1500: checking for sys/param.h
configure:1510: gcc -E  conftest.c >/dev/null 2>conftest.out
configure:1500: checking for limits.h
configure:1510: gcc -E  conftest.c >/dev/null 2>conftest.out
configure:1500: checking for stdlib.h
configure:1510: gcc -E  conftest.c >/dev/null 2>conftest.out
configure:1500: checking for malloc.h
configure:1510: gcc -E  conftest.c >/dev/null 2>conftest.out
configure:1500: checking for string.h
configure:1510: gcc -E  conftest.c >/dev/null 2>conftest.out
configure:1500: checking for unistd.h
configure:1510: gcc -E  conftest.c >/dev/null 2>conftest.out
configure:1500: checking for strings.h
configure:1510: gcc -E  conftest.c >/dev/null 2>conftest.out
configure:1500: checking for sys/time.h
configure:1510: gcc -E  conftest.c >/dev/null 2>conftest.out
configure:1500: checking for time.h
configure:1510: gcc -E  conftest.c >/dev/null 2>conftest.out
configure:1500: checking for sys/resource.h
configure:1510: gcc -E  conftest.c >/dev/null 2>conftest.out
configure:1500: checking for sys/stat.h
configure:1510: gcc -E  conftest.c >/dev/null 2>conftest.out
configure:1500: checking for sys/mman.h
configure:1510: gcc -E  conftest.c >/dev/null 2>conftest.out
configure:1500: checking for fcntl.h
configure:1510: gcc -E  conftest.c >/dev/null 2>conftest.out
configure:1500: checking for alloca.h
configure:1510: gcc -E  conftest.c >/dev/null 2>conftest.out
configure:1500: checking for sys/pstat.h
configure:1510: gcc -E  conftest.c >/dev/null 2>conftest.out
configure:1506:23: sys/pstat.h: No such file or directory
configure: failed program was:
#line 1505 "configure"
#include "confdefs.h"
#include <sys/pstat.h>
configure:1500: checking for sys/sysmp.h
configure:1510: gcc -E  conftest.c >/dev/null 2>conftest.out
configure:1506:23: sys/sysmp.h: No such file or directory
configure: failed program was:
#line 1505 "configure"
#include "confdefs.h"
#include <sys/sysmp.h>
configure:1500: checking for sys/sysinfo.h
configure:1510: gcc -E  conftest.c >/dev/null 2>conftest.out
configure:1500: checking for machine/hal_sysinfo.h
configure:1510: gcc -E  conftest.c >/dev/null 2>conftest.out
configure:1506:33: machine/hal_sysinfo.h: No such file or directory
configure: failed program was:
#line 1505 "configure"
#include "confdefs.h"
#include <machine/hal_sysinfo.h>
configure:1500: checking for sys/table.h
configure:1510: gcc -E  conftest.c >/dev/null 2>conftest.out
configure:1506:23: sys/table.h: No such file or directory
configure: failed program was:
#line 1505 "configure"
#include "confdefs.h"
#include <sys/table.h>
configure:1500: checking for sys/sysctl.h
configure:1510: gcc -E  conftest.c >/dev/null 2>conftest.out
configure:1500: checking for sys/systemcfg.h
configure:1510: gcc -E  conftest.c >/dev/null 2>conftest.out
configure:1506:27: sys/systemcfg.h: No such file or directory
configure: failed program was:
#line 1505 "configure"
#include "confdefs.h"
#include <sys/systemcfg.h>
configure:1537: checking for sys/wait.h that is POSIX.1 compatible
configure:1558: gcc -c -g -O2  conftest.c 1>&5
configure:1579: checking whether time.h and sys/time.h may both be included
configure:1593: gcc -c -g -O2  conftest.c 1>&5
configure:1615: checking whether errno must be declared
configure:1627: gcc -c -g -O2  conftest.c 1>&5
configure:1649: checking for ANSI C header files
configure:1662: gcc -E  conftest.c >/dev/null 2>conftest.out
configure:1729: gcc -o conftest -g -O2   conftest.c  1>&5
configure:1753: checking for uintptr_t
configure:1794: checking for pid_t
configure:2157: checking whether the C compiler (gcc -g -O2 ) works
configure:2173: gcc -o conftest -g -O2   conftest.c  1>&5
configure:2199: checking whether the C compiler (gcc -g -O2 ) is a cross-compiler
configure:2206: checking for asprintf
configure:2234: gcc -o conftest -g -O2   conftest.c  1>&5
configure:2206: checking for atexit
configure:2234: gcc -o conftest -g -O2   conftest.c  1>&5
configure:2206: checking for basename
configure:2234: gcc -o conftest -g -O2   conftest.c  1>&5
configure:2206: checking for bcmp
configure:2234: gcc -o conftest -g -O2   conftest.c  1>&5
configure:2218: warning: conflicting types for built-in function `bcmp'
configure:2206: checking for bcopy
configure:2234: gcc -o conftest -g -O2   conftest.c  1>&5
configure:2206: checking for bsearch
configure:2234: gcc -o conftest -g -O2   conftest.c  1>&5
configure:2206: checking for bzero
configure:2234: gcc -o conftest -g -O2   conftest.c  1>&5
configure:2218: warning: conflicting types for built-in function `bzero'
configure:2206: checking for calloc
configure:2234: gcc -o conftest -g -O2   conftest.c  1>&5
configure:2206: checking for clock
configure:2234: gcc -o conftest -g -O2   conftest.c  1>&5
configure:2206: checking for ffs
configure:2234: gcc -o conftest -g -O2   conftest.c  1>&5
configure:2218: warning: conflicting types for built-in function `ffs'
configure:2206: checking for getcwd
configure:2234: gcc -o conftest -g -O2   conftest.c  1>&5
